[2026-04-20T22:12:33+08:00] Running exact_enumeration.py validation
Test 0 passed: q=0 move structure
test_name    u  exact_m_u   mcmc_m_u   abs_diff  tolerance   pass
Test 1       0    +0.9716    +0.9840     0.0124     0.0566   PASS
Test 1       1    +0.7457    +0.7548     0.0091     0.0566   PASS
Test 1       2    +0.7512    +0.7636     0.0124     0.0566   PASS
Test 2       0    +0.8324    +0.8388     0.0064     0.0566   PASS
Test 2       1    +0.9896    +0.9884     0.0012     0.0566   PASS
Test 2       2    +0.8256    +0.8336     0.0080     0.0566   PASS
Test 3       0    +0.9999    +1.0000     0.0001     0.0566   PASS
Test 3       1    +0.9999    +1.0000     0.0001     0.0566   PASS
Test 3       2    +0.9998    +1.0000     0.0002     0.0566   PASS
Test 4:00   0    +0.9896    +0.9904     0.0008     0.0566   PASS
Test 4:00   1    -0.8324    -0.8164     0.0160     0.0566   PASS
Test 4:00   2    -0.8256    -0.8100     0.0156     0.0566   PASS
Test 4:10   0    +0.9896    +0.9896     0.0000     0.0566   PASS
Test 4:10   1    -0.8324    -0.8356     0.0032     0.0566   PASS
Test 4:10   2    -0.8256    -0.8300     0.0044     0.0566   PASS
Test 4:01   0    +0.9896    +0.9916     0.0020     0.0566   PASS
Test 4:01   1    -0.8324    -0.8364     0.0040     0.0566   PASS
Test 4:01   2    -0.8256    -0.8288     0.0032     0.0566   PASS
Test 4:11   0    +0.9896    +0.9928     0.0032     0.0566   PASS
Test 4:11   1    -0.8324    -0.8308     0.0016     0.0566   PASS
Test 4:11   2    -0.8256    -0.8244     0.0012     0.0566   PASS
All exact-enumeration validations passed.
[2026-04-20T22:12:46+08:00] Running preflight chunk
[2026-04-20T22:12:48+08:00] Running preflight merge
[2026-04-20T22:12:48+08:00] Launching chunk workers: 96 workers for 720 chunks
[2026-04-20T22:13:41+08:00] Completed L03_p01_chunk007 (1/720) in 53.2s
[2026-04-20T22:13:41+08:00] Completed L03_p02_chunk003 (2/720) in 53.2s
[2026-04-20T22:13:41+08:00] Completed L03_p01_chunk003 (3/720) in 53.5s
[2026-04-20T22:13:41+08:00] Completed L03_p01_chunk009 (4/720) in 53.5s
[2026-04-20T22:13:42+08:00] Completed L03_p02_chunk000 (5/720) in 53.5s
[2026-04-20T22:13:42+08:00] Completed L03_p02_chunk005 (6/720) in 53.6s
[2026-04-20T22:13:42+08:00] Completed L03_p01_chunk014 (7/720) in 53.6s
[2026-04-20T22:13:42+08:00] Completed L03_p03_chunk003 (8/720) in 53.6s
[2026-04-20T22:13:42+08:00] Completed L03_p02_chunk004 (9/720) in 53.6s
[2026-04-20T22:13:42+08:00] Completed L03_p00_chunk012 (10/720) in 53.7s
[2026-04-20T22:13:42+08:00] Completed L03_p04_chunk003 (11/720) in 53.6s
[2026-04-20T22:13:42+08:00] Completed L03_p00_chunk001 (12/720) in 53.7s
[2026-04-20T22:13:42+08:00] Completed L03_p02_chunk002 (13/720) in 53.7s
[2026-04-20T22:13:42+08:00] Completed L03_p01_chunk010 (14/720) in 53.8s
[2026-04-20T22:13:42+08:00] Completed L03_p02_chunk010 (15/720) in 53.8s
[2026-04-20T22:13:42+08:00] Completed L03_p01_chunk015 (16/720) in 53.8s
[2026-04-20T22:13:42+08:00] Completed L03_p02_chunk014 (17/720) in 53.8s
[2026-04-20T22:13:42+08:00] Completed L03_p01_chunk011 (18/720) in 53.9s
[2026-04-20T22:13:42+08:00] Completed L03_p00_chunk009 (19/720) in 53.9s
[2026-04-20T22:13:42+08:00] Completed L03_p01_chunk013 (20/720) in 53.9s
[2026-04-20T22:13:42+08:00] Completed L03_p00_chunk000 (21/720) in 53.9s
[2026-04-20T22:13:42+08:00] Completed L03_p00_chunk004 (22/720) in 53.9s
[2026-04-20T22:13:42+08:00] Completed L03_p00_chunk007 (23/720) in 53.9s
[2026-04-20T22:13:42+08:00] Completed L03_p00_chunk010 (24/720) in 54.0s
[2026-04-20T22:13:42+08:00] Completed L03_p01_chunk004 (25/720) in 54.0s
[2026-04-20T22:13:42+08:00] Completed L03_p03_chunk000 (26/720) in 54.0s
[2026-04-20T22:13:42+08:00] Completed L03_p02_chunk015 (27/720) in 54.0s
[2026-04-20T22:13:42+08:00] Completed L03_p04_chunk008 (28/720) in 54.0s
[2026-04-20T22:13:42+08:00] Completed L03_p03_chunk011 (29/720) in 54.0s
[2026-04-20T22:13:43+08:00] Completed L03_p02_chunk008 (30/720) in 54.0s
[2026-04-20T22:13:43+08:00] Completed L03_p01_chunk012 (31/720) in 54.1s
[2026-04-20T22:13:43+08:00] Completed L03_p03_chunk009 (32/720) in 54.1s
[2026-04-20T22:13:43+08:00] Completed L03_p03_chunk005 (33/720) in 54.2s
[2026-04-20T22:13:43+08:00] Completed L03_p04_chunk011 (34/720) in 54.1s
[2026-04-20T22:13:43+08:00] Completed L03_p01_chunk001 (35/720) in 54.2s
[2026-04-20T22:13:43+08:00] Completed L03_p04_chunk001 (36/720) in 54.2s
[2026-04-20T22:13:43+08:00] Completed L03_p04_chunk009 (37/720) in 54.2s
[2026-04-20T22:13:43+08:00] Completed L03_p01_chunk006 (38/720) in 54.2s
[2026-04-20T22:13:43+08:00] Completed L03_p02_chunk007 (39/720) in 54.3s
[2026-04-20T22:13:43+08:00] Completed L03_p00_chunk013 (40/720) in 54.3s
[2026-04-20T22:13:43+08:00] Completed L03_p03_chunk006 (41/720) in 54.3s
[2026-04-20T22:13:43+08:00] Completed L03_p05_chunk007 (42/720) in 54.3s
[2026-04-20T22:13:43+08:00] Completed L03_p03_chunk014 (43/720) in 54.4s
[2026-04-20T22:13:43+08:00] Completed L03_p03_chunk007 (44/720) in 54.4s
[2026-04-20T22:13:43+08:00] Completed L03_p04_chunk015 (45/720) in 54.3s
[2026-04-20T22:13:43+08:00] Completed L03_p02_chunk009 (46/720) in 54.4s
[2026-04-20T22:13:43+08:00] Completed L03_p00_chunk015 (47/720) in 54.5s
[2026-04-20T22:13:43+08:00] Completed L03_p00_chunk006 (48/720) in 54.5s
[2026-04-20T22:13:43+08:00] Completed L03_p03_chunk002 (49/720) in 54.5s
[2026-04-20T22:13:43+08:00] Completed L03_p03_chunk008 (50/720) in 54.5s
[2026-04-20T22:13:43+08:00] Completed L03_p00_chunk003 (51/720) in 54.5s
[2026-04-20T22:13:43+08:00] Completed L03_p04_chunk014 (52/720) in 54.4s
[2026-04-20T22:13:43+08:00] Completed L03_p02_chunk011 (53/720) in 54.5s
[2026-04-20T22:13:43+08:00] Completed L03_p02_chunk001 (54/720) in 54.5s
[2026-04-20T22:13:43+08:00] Completed L03_p03_chunk004 (55/720) in 54.5s
[2026-04-20T22:13:43+08:00] Completed L03_p00_chunk014 (56/720) in 54.6s
[2026-04-20T22:13:43+08:00] Completed L03_p01_chunk002 (57/720) in 54.6s
[2026-04-20T22:13:44+08:00] Completed L03_p00_chunk005 (58/720) in 54.6s
[2026-04-20T22:13:44+08:00] Completed L03_p00_chunk002 (59/720) in 54.6s
[2026-04-20T22:13:44+08:00] Completed L03_p04_chunk000 (60/720) in 54.5s
[2026-04-20T22:13:44+08:00] Completed L03_p04_chunk004 (61/720) in 54.5s
[2026-04-20T22:13:44+08:00] Completed L03_p02_chunk006 (62/720) in 54.6s
[2026-04-20T22:13:44+08:00] Completed L03_p03_chunk015 (63/720) in 54.6s
[2026-04-20T22:13:44+08:00] Completed L03_p02_chunk013 (64/720) in 54.6s
[2026-04-20T22:13:44+08:00] Completed L03_p01_chunk005 (65/720) in 54.6s
[2026-04-20T22:13:44+08:00] Completed L03_p03_chunk012 (66/720) in 54.7s
[2026-04-20T22:13:44+08:00] Completed L03_p05_chunk005 (67/720) in 54.6s
[2026-04-20T22:13:44+08:00] Completed L03_p03_chunk010 (68/720) in 54.7s
[2026-04-20T22:13:44+08:00] Completed L03_p05_chunk012 (69/720) in 54.7s
[2026-04-20T22:13:44+08:00] Completed L03_p05_chunk015 (70/720) in 54.6s
[2026-04-20T22:13:44+08:00] Completed L03_p05_chunk004 (71/720) in 54.7s
[2026-04-20T22:13:44+08:00] Completed L03_p04_chunk007 (72/720) in 54.8s
[2026-04-20T22:13:44+08:00] Completed L03_p05_chunk001 (73/720) in 54.8s
[2026-04-20T22:13:44+08:00] Completed L03_p05_chunk008 (74/720) in 54.7s
[2026-04-20T22:13:44+08:00] Completed L03_p04_chunk012 (75/720) in 54.8s
[2026-04-20T22:13:44+08:00] Completed L03_p01_chunk008 (76/720) in 54.9s
[2026-04-20T22:13:44+08:00] Completed L03_p05_chunk014 (77/720) in 54.8s
[2026-04-20T22:13:44+08:00] Completed L03_p03_chunk013 (78/720) in 54.9s
[2026-04-20T22:13:44+08:00] Completed L03_p05_chunk010 (79/720) in 54.8s
[2026-04-20T22:13:44+08:00] Completed L03_p05_chunk003 (80/720) in 54.9s
[2026-04-20T22:13:44+08:00] Completed L03_p05_chunk002 (81/720) in 54.9s
[2026-04-20T22:13:44+08:00] Completed L03_p05_chunk013 (82/720) in 54.9s
[2026-04-20T22:13:44+08:00] Completed L03_p04_chunk006 (83/720) in 55.0s
[2026-04-20T22:13:44+08:00] Completed L03_p04_chunk005 (84/720) in 55.0s
[2026-04-20T22:13:44+08:00] Completed L03_p04_chunk010 (85/720) in 55.0s
[2026-04-20T22:13:45+08:00] Completed L03_p04_chunk002 (86/720) in 55.1s
[2026-04-20T22:13:45+08:00] Completed L03_p05_chunk000 (87/720) in 55.2s
[2026-04-20T22:13:45+08:00] Completed L03_p05_chunk006 (88/720) in 55.3s
[2026-04-20T22:13:45+08:00] Completed L03_p04_chunk013 (89/720) in 55.6s
[2026-04-20T22:13:45+08:00] Completed L03_p05_chunk011 (90/720) in 55.8s
[2026-04-20T22:14:04+08:00] Completed L03_p00_chunk011 (91/720) in 75.5s
[2026-04-20T22:14:04+08:00] Completed L03_p00_chunk008 (92/720) in 75.6s
[2026-04-20T22:14:04+08:00] Completed L03_p02_chunk012 (93/720) in 75.9s
[2026-04-20T22:14:04+08:00] Completed L03_p03_chunk001 (94/720) in 76.2s
[2026-04-20T22:14:04+08:00] Completed L03_p01_chunk000 (95/720) in 76.4s
[2026-04-20T22:14:05+08:00] Completed L03_p05_chunk009 (96/720) in 76.4s
[2026-04-20T22:14:35+08:00] Completed L03_p06_chunk004 (97/720) in 53.4s
[2026-04-20T22:14:35+08:00] Completed L03_p06_chunk003 (98/720) in 53.8s
[2026-04-20T22:14:36+08:00] Completed L03_p07_chunk008 (99/720) in 53.6s
[2026-04-20T22:14:36+08:00] Completed L03_p07_chunk003 (100/720) in 54.0s
[2026-04-20T22:14:36+08:00] Completed L03_p06_chunk015 (101/720) in 54.1s
[2026-04-20T22:14:36+08:00] Completed L03_p06_chunk002 (102/720) in 54.5s
[2026-04-20T22:14:36+08:00] Completed L03_p06_chunk014 (103/720) in 54.1s
[2026-04-20T22:14:36+08:00] Completed L03_p06_chunk012 (104/720) in 54.2s
[2026-04-20T22:14:36+08:00] Completed L03_p06_chunk005 (105/720) in 54.4s
[2026-04-20T22:14:36+08:00] Completed L03_p06_chunk000 (106/720) in 54.9s
[2026-04-20T22:14:36+08:00] Completed L03_p07_chunk006 (107/720) in 54.2s
[2026-04-20T22:14:36+08:00] Completed L03_p06_chunk009 (108/720) in 54.5s
[2026-04-20T22:14:36+08:00] Completed L03_p06_chunk010 (109/720) in 54.5s
[2026-04-20T22:14:36+08:00] Completed L03_p06_chunk001 (110/720) in 55.0s
[2026-04-20T22:14:36+08:00] Completed L03_p06_chunk007 (111/720) in 54.6s
[2026-04-20T22:14:36+08:00] Completed L03_p07_chunk012 (112/720) in 54.3s
[2026-04-20T22:14:36+08:00] Completed L03_p06_chunk006 (113/720) in 54.7s
[2026-04-20T22:14:36+08:00] Completed L03_p07_chunk010 (114/720) in 54.4s
[2026-04-20T22:14:36+08:00] Completed L03_p06_chunk011 (115/720) in 54.7s
[2026-04-20T22:14:36+08:00] Completed L03_p06_chunk008 (116/720) in 54.8s
[2026-04-20T22:14:36+08:00] Completed L03_p07_chunk009 (117/720) in 54.5s
[2026-04-20T22:14:37+08:00] Completed L03_p08_chunk015 (118/720) in 54.0s
[2026-04-20T22:14:37+08:00] Completed L03_p08_chunk006 (119/720) in 54.3s
[2026-04-20T22:14:37+08:00] Completed L03_p07_chunk005 (120/720) in 54.6s
[2026-04-20T22:14:37+08:00] Completed L03_p08_chunk002 (121/720) in 54.4s
[2026-04-20T22:14:37+08:00] Completed L03_p08_chunk007 (122/720) in 54.4s
[2026-04-20T22:14:37+08:00] Completed L03_p07_chunk004 (123/720) in 54.8s
[2026-04-20T22:14:37+08:00] Completed L03_p08_chunk009 (124/720) in 54.3s
[2026-04-20T22:14:37+08:00] Completed L03_p08_chunk004 (125/720) in 54.5s
[2026-04-20T22:14:37+08:00] Completed L03_p07_chunk015 (126/720) in 54.6s
[2026-04-20T22:14:37+08:00] Completed L03_p07_chunk002 (127/720) in 54.9s
[2026-04-20T22:14:37+08:00] Completed L03_p07_chunk001 (128/720) in 54.9s
[2026-04-20T22:14:37+08:00] Completed L03_p06_chunk013 (129/720) in 55.0s
[2026-04-20T22:14:37+08:00] Completed L03_p08_chunk003 (130/720) in 54.6s
[2026-04-20T22:14:37+08:00] Completed L03_p09_chunk007 (131/720) in 54.4s
[2026-04-20T22:14:37+08:00] Completed L03_p07_chunk007 (132/720) in 55.1s
[2026-04-20T22:14:37+08:00] Completed L03_p07_chunk013 (133/720) in 55.0s
[2026-04-20T22:14:37+08:00] Completed L03_p09_chunk014 (134/720) in 54.5s
[2026-04-20T22:14:37+08:00] Completed L03_p08_chunk005 (135/720) in 55.0s
[2026-04-20T22:14:37+08:00] Completed L03_p08_chunk000 (136/720) in 55.1s
[2026-04-20T22:14:37+08:00] Completed L03_p11_chunk004 (137/720) in 54.2s
[2026-04-20T22:14:37+08:00] Completed L03_p07_chunk014 (138/720) in 55.2s
[2026-04-20T22:14:37+08:00] Completed L03_p07_chunk000 (139/720) in 55.5s
[2026-04-20T22:14:37+08:00] Completed L03_p09_chunk009 (140/720) in 54.7s
[2026-04-20T22:14:37+08:00] Completed L03_p08_chunk012 (141/720) in 54.9s
[2026-04-20T22:14:37+08:00] Completed L03_p08_chunk011 (142/720) in 54.9s
[2026-04-20T22:14:37+08:00] Completed L03_p09_chunk010 (143/720) in 54.8s
[2026-04-20T22:14:38+08:00] Completed L03_p08_chunk001 (144/720) in 55.2s
[2026-04-20T22:14:38+08:00] Completed L03_p09_chunk003 (145/720) in 54.9s
[2026-04-20T22:14:38+08:00] Completed L03_p08_chunk008 (146/720) in 55.1s
[2026-04-20T22:14:38+08:00] Completed L03_p10_chunk005 (147/720) in 54.7s
[2026-04-20T22:14:38+08:00] Completed L03_p10_chunk000 (148/720) in 54.9s
[2026-04-20T22:14:38+08:00] Completed L03_p10_chunk009 (149/720) in 54.7s
[2026-04-20T22:14:38+08:00] Completed L03_p09_chunk006 (150/720) in 55.1s
[2026-04-20T22:14:38+08:00] Completed L03_p09_chunk005 (151/720) in 55.1s
[2026-04-20T22:14:38+08:00] Completed L03_p09_chunk000 (152/720) in 55.2s
[2026-04-20T22:14:38+08:00] Completed L03_p09_chunk001 (153/720) in 55.2s
[2026-04-20T22:14:38+08:00] Completed L03_p08_chunk010 (154/720) in 55.4s
[2026-04-20T22:14:38+08:00] Completed L03_p09_chunk011 (155/720) in 55.2s
[2026-04-20T22:14:38+08:00] Completed L03_p09_chunk008 (156/720) in 55.2s
[2026-04-20T22:14:38+08:00] Completed L03_p10_chunk006 (157/720) in 55.0s
[2026-04-20T22:14:38+08:00] Completed L03_p09_chunk012 (158/720) in 55.2s
[2026-04-20T22:14:38+08:00] Completed L03_p08_chunk014 (159/720) in 55.4s
[2026-04-20T22:14:38+08:00] Completed L03_p10_chunk007 (160/720) in 55.0s
[2026-04-20T22:14:38+08:00] Completed L03_p09_chunk002 (161/720) in 55.4s
[2026-04-20T22:14:38+08:00] Completed L03_p10_chunk004 (162/720) in 55.1s
[2026-04-20T22:14:38+08:00] Completed L03_p10_chunk008 (163/720) in 55.1s
[2026-04-20T22:14:38+08:00] Completed L03_p09_chunk004 (164/720) in 55.4s
[2026-04-20T22:14:38+08:00] Completed L03_p10_chunk014 (165/720) in 55.1s
[2026-04-20T22:14:38+08:00] Completed L03_p10_chunk011 (166/720) in 55.1s
[2026-04-20T22:14:38+08:00] Completed L03_p11_chunk001 (167/720) in 55.0s
[2026-04-20T22:14:38+08:00] Completed L03_p09_chunk015 (168/720) in 55.4s
[2026-04-20T22:14:38+08:00] Completed L03_p10_chunk015 (169/720) in 55.1s
[2026-04-20T22:14:38+08:00] Completed L03_p10_chunk002 (170/720) in 55.4s
[2026-04-20T22:14:38+08:00] Completed L03_p08_chunk013 (171/720) in 55.7s
[2026-04-20T22:14:38+08:00] Completed L03_p10_chunk003 (172/720) in 55.5s
[2026-04-20T22:14:38+08:00] Completed L03_p10_chunk001 (173/720) in 55.7s
[2026-04-20T22:14:38+08:00] Completed L03_p10_chunk013 (174/720) in 55.5s
[2026-04-20T22:14:39+08:00] Completed L03_p09_chunk013 (175/720) in 55.9s
[2026-04-20T22:14:39+08:00] Completed L03_p11_chunk006 (176/720) in 55.3s
[2026-04-20T22:14:39+08:00] Completed L03_p10_chunk010 (177/720) in 55.8s
[2026-04-20T22:14:39+08:00] Completed L03_p11_chunk008 (178/720) in 55.1s
[2026-04-20T22:14:39+08:00] Completed L03_p11_chunk007 (179/720) in 55.3s
[2026-04-20T22:14:39+08:00] Completed L03_p11_chunk002 (180/720) in 55.7s
[2026-04-20T22:14:39+08:00] Completed L03_p11_chunk003 (181/720) in 55.8s
[2026-04-20T22:14:39+08:00] Completed L03_p11_chunk000 (182/720) in 55.9s
[2026-04-20T22:14:39+08:00] Completed L03_p11_chunk005 (183/720) in 55.9s
[2026-04-20T22:14:39+08:00] Completed L03_p10_chunk012 (184/720) in 56.3s
[2026-04-20T22:14:42+08:00] Completed L03_p11_chunk009 (185/720) in 58.5s
[2026-04-20T22:14:43+08:00] Completed L03_p07_chunk011 (186/720) in 61.4s
[2026-04-20T22:14:59+08:00] Completed L03_p11_chunk010 (187/720) in 55.2s
[2026-04-20T22:15:09+08:00] Completed L03_p11_chunk014 (188/720) in 64.8s
[2026-04-20T22:15:20+08:00] Completed L03_p11_chunk011 (189/720) in 76.7s
[2026-04-20T22:15:20+08:00] Completed L03_p11_chunk012 (190/720) in 76.5s
[2026-04-20T22:15:21+08:00] Completed L03_p11_chunk013 (191/720) in 76.9s
[2026-04-20T22:15:23+08:00] Completed L03_p11_chunk015 (192/720) in 78.5s
[2026-04-20T22:15:30+08:00] Completed L03_p12_chunk001 (193/720) in 55.0s
[2026-04-20T22:15:30+08:00] Completed L03_p12_chunk000 (194/720) in 55.5s
[2026-04-20T22:15:31+08:00] Completed L03_p12_chunk002 (195/720) in 55.3s
[2026-04-20T22:15:31+08:00] Completed L03_p12_chunk006 (196/720) in 55.0s
[2026-04-20T22:15:31+08:00] Completed L03_p12_chunk005 (197/720) in 55.2s
[2026-04-20T22:15:31+08:00] Completed L03_p12_chunk009 (198/720) in 55.0s
[2026-04-20T22:15:31+08:00] Completed L03_p12_chunk004 (199/720) in 55.4s
[2026-04-20T22:15:31+08:00] Completed L03_p13_chunk013 (200/720) in 54.7s
[2026-04-20T22:15:31+08:00] Completed L03_p12_chunk003 (201/720) in 55.6s
[2026-04-20T22:15:32+08:00] Completed L03_p13_chunk000 (202/720) in 55.2s
[2026-04-20T22:15:32+08:00] Completed L03_p13_chunk004 (203/720) in 55.2s
[2026-04-20T22:15:32+08:00] Completed L03_p12_chunk014 (204/720) in 55.4s
[2026-04-20T22:15:32+08:00] Completed L03_p12_chunk010 (205/720) in 55.5s
[2026-04-20T22:15:32+08:00] Completed L03_p12_chunk008 (206/720) in 55.7s
[2026-04-20T22:15:32+08:00] Completed L03_p12_chunk012 (207/720) in 55.6s
[2026-04-20T22:15:32+08:00] Completed L03_p12_chunk007 (208/720) in 55.8s
[2026-04-20T22:15:32+08:00] Completed L03_p13_chunk006 (209/720) in 55.3s
[2026-04-20T22:15:32+08:00] Completed L03_p13_chunk007 (210/720) in 55.4s
[2026-04-20T22:15:32+08:00] Completed L03_p14_chunk003 (211/720) in 55.0s
[2026-04-20T22:15:32+08:00] Completed L03_p13_chunk003 (212/720) in 55.6s
[2026-04-20T22:15:32+08:00] Completed L03_p13_chunk015 (213/720) in 55.3s
[2026-04-20T22:15:32+08:00] Completed L03_p13_chunk011 (214/720) in 55.4s
[2026-04-20T22:15:32+08:00] Completed L03_p14_chunk008 (215/720) in 54.8s
[2026-04-20T22:15:32+08:00] Completed L03_p13_chunk005 (216/720) in 55.7s
[2026-04-20T22:15:32+08:00] Completed L03_p12_chunk013 (217/720) in 56.0s
[2026-04-20T22:15:32+08:00] Completed L03_p12_chunk015 (218/720) in 56.0s
[2026-04-20T22:15:32+08:00] Completed L03_p13_chunk009 (219/720) in 55.7s
[2026-04-20T22:15:32+08:00] Completed L03_p13_chunk002 (220/720) in 55.9s
[2026-04-20T22:15:32+08:00] Completed L03_p14_chunk010 (221/720) in 55.2s
[2026-04-20T22:15:33+08:00] Completed L03_p13_chunk008 (222/720) in 56.0s
[2026-04-20T22:15:33+08:00] Completed L03_p14_chunk007 (223/720) in 55.3s
[2026-04-20T22:15:33+08:00] Completed L03_p14_chunk004 (224/720) in 55.5s
[2026-04-20T22:15:33+08:00] Completed L03_p13_chunk010 (225/720) in 56.0s
[2026-04-20T22:15:33+08:00] Completed L03_p13_chunk014 (226/720) in 55.9s
[2026-04-20T22:15:33+08:00] Completed L03_p12_chunk011 (227/720) in 56.6s
[2026-04-20T22:15:33+08:00] Completed L03_p14_chunk000 (228/720) in 56.0s
[2026-04-20T22:15:33+08:00] Completed L03_p13_chunk012 (229/720) in 56.2s
[2026-04-20T22:15:33+08:00] Completed L03_p13_chunk001 (230/720) in 56.6s
[2026-04-20T22:15:33+08:00] Completed L03_p14_chunk005 (231/720) in 55.9s
[2026-04-20T22:15:33+08:00] Completed L03_p14_chunk001 (232/720) in 56.3s
[2026-04-20T22:15:33+08:00] Completed L03_p14_chunk012 (233/720) in 55.9s
[2026-04-20T22:15:33+08:00] Completed L03_p14_chunk009 (234/720) in 56.0s
[2026-04-20T22:15:33+08:00] Completed L03_p14_chunk013 (235/720) in 56.0s
[2026-04-20T22:15:33+08:00] Completed L03_p14_chunk002 (236/720) in 56.4s
[2026-04-20T22:15:34+08:00] Completed L03_p14_chunk006 (237/720) in 56.3s
[2026-04-20T22:15:34+08:00] Completed L03_p14_chunk011 (238/720) in 56.3s
[2026-04-20T22:15:34+08:00] Completed L03_p14_chunk015 (239/720) in 56.5s
[2026-04-20T22:15:34+08:00] Completed L03_p14_chunk014 (240/720) in 56.6s
[2026-04-20T22:17:55+08:00] Completed L05_p00_chunk006 (241/720) in 197.1s
[2026-04-20T22:17:55+08:00] Completed L05_p00_chunk012 (242/720) in 197.3s
[2026-04-20T22:17:55+08:00] Completed L05_p00_chunk008 (243/720) in 197.6s
[2026-04-20T22:17:55+08:00] Completed L05_p01_chunk010 (244/720) in 197.3s
[2026-04-20T22:17:56+08:00] Completed L05_p00_chunk015 (245/720) in 197.7s
[2026-04-20T22:17:56+08:00] Completed L05_p00_chunk014 (246/720) in 197.8s
[2026-04-20T22:17:56+08:00] Completed L05_p00_chunk007 (247/720) in 198.0s
[2026-04-20T22:17:56+08:00] Completed L05_p00_chunk013 (248/720) in 198.0s
[2026-04-20T22:17:56+08:00] Completed L05_p01_chunk006 (249/720) in 197.8s
[2026-04-20T22:17:56+08:00] Completed L05_p00_chunk009 (250/720) in 198.2s
[2026-04-20T22:17:56+08:00] Completed L05_p01_chunk009 (251/720) in 198.1s
[2026-04-20T22:17:56+08:00] Completed L05_p00_chunk004 (252/720) in 198.7s
[2026-04-20T22:17:56+08:00] Completed L05_p00_chunk002 (253/720) in 199.0s
[2026-04-20T22:17:57+08:00] Completed L05_p00_chunk001 (254/720) in 199.0s
[2026-04-20T22:17:57+08:00] Completed L05_p00_chunk000 (255/720) in 199.1s
[2026-04-20T22:17:57+08:00] Completed L05_p02_chunk006 (256/720) in 197.6s
[2026-04-20T22:17:57+08:00] Completed L05_p01_chunk000 (257/720) in 198.8s
[2026-04-20T22:17:57+08:00] Completed L05_p02_chunk001 (258/720) in 197.9s
[2026-04-20T22:17:57+08:00] Completed L05_p01_chunk003 (259/720) in 198.9s
[2026-04-20T22:17:57+08:00] Completed L05_p01_chunk008 (260/720) in 198.8s
[2026-04-20T22:17:57+08:00] Completed L05_p02_chunk000 (261/720) in 198.4s
[2026-04-20T22:17:57+08:00] Completed L05_p00_chunk005 (262/720) in 199.5s
[2026-04-20T22:17:57+08:00] Completed L05_p01_chunk007 (263/720) in 199.1s
[2026-04-20T22:17:57+08:00] Completed L05_p01_chunk002 (264/720) in 199.3s
[2026-04-20T22:17:57+08:00] Completed L05_p01_chunk012 (265/720) in 198.9s
[2026-04-20T22:17:57+08:00] Completed L05_p01_chunk015 (266/720) in 198.8s
[2026-04-20T22:17:58+08:00] Completed L05_p01_chunk005 (267/720) in 199.6s
[2026-04-20T22:17:58+08:00] Completed L05_p00_chunk003 (268/720) in 200.5s
[2026-04-20T22:17:58+08:00] Completed L05_p01_chunk013 (269/720) in 199.6s
[2026-04-20T22:17:58+08:00] Completed L05_p00_chunk010 (270/720) in 200.2s
[2026-04-20T22:17:58+08:00] Completed L05_p01_chunk004 (271/720) in 200.2s
[2026-04-20T22:17:58+08:00] Completed L05_p02_chunk007 (272/720) in 199.1s
[2026-04-20T22:17:58+08:00] Completed L05_p02_chunk005 (273/720) in 199.5s
[2026-04-20T22:17:59+08:00] Completed L05_p01_chunk001 (274/720) in 200.7s
[2026-04-20T22:17:59+08:00] Completed L05_p01_chunk011 (275/720) in 200.5s
[2026-04-20T22:17:59+08:00] Completed L05_p02_chunk003 (276/720) in 200.3s
[2026-04-20T22:18:00+08:00] Completed L05_p01_chunk014 (277/720) in 201.1s
[2026-04-20T22:18:00+08:00] Completed L05_p02_chunk002 (278/720) in 200.9s
[2026-04-20T22:18:00+08:00] Completed L05_p02_chunk004 (279/720) in 201.3s
[2026-04-20T22:18:07+08:00] Completed L05_p02_chunk009 (280/720) in 203.5s
[2026-04-20T22:18:10+08:00] Completed L05_p02_chunk008 (281/720) in 207.8s
[2026-04-20T22:18:18+08:00] Completed L05_p02_chunk010 (282/720) in 199.5s
[2026-04-20T22:18:27+08:00] Completed L05_p02_chunk011 (283/720) in 197.6s
[2026-04-20T22:18:42+08:00] Completed L05_p02_chunk012 (284/720) in 201.9s
[2026-04-20T22:18:49+08:00] Completed L05_p03_chunk005 (285/720) in 197.4s
[2026-04-20T22:18:49+08:00] Completed L05_p03_chunk007 (286/720) in 198.1s
[2026-04-20T22:18:50+08:00] Completed L05_p03_chunk008 (287/720) in 198.1s
[2026-04-20T22:18:50+08:00] Completed L05_p03_chunk004 (288/720) in 198.4s
[2026-04-20T22:18:50+08:00] Completed L05_p03_chunk003 (289/720) in 199.3s
[2026-04-20T22:18:50+08:00] Completed L05_p03_chunk002 (290/720) in 199.5s
[2026-04-20T22:18:50+08:00] Completed L05_p03_chunk001 (291/720) in 200.0s
[2026-04-20T22:18:51+08:00] Completed L05_p03_chunk006 (292/720) in 199.2s
[2026-04-20T22:18:51+08:00] Completed L05_p03_chunk015 (293/720) in 199.0s
[2026-04-20T22:18:51+08:00] Completed L05_p03_chunk010 (294/720) in 199.1s
[2026-04-20T22:18:51+08:00] Completed L05_p03_chunk009 (295/720) in 199.3s
[2026-04-20T22:18:51+08:00] Completed L05_p03_chunk000 (296/720) in 200.6s
[2026-04-20T22:18:51+08:00] Completed L05_p04_chunk003 (297/720) in 199.2s
[2026-04-20T22:18:51+08:00] Completed L05_p04_chunk005 (298/720) in 199.2s
[2026-04-20T22:18:52+08:00] Completed L05_p05_chunk008 (299/720) in 198.3s
[2026-04-20T22:18:52+08:00] Completed L05_p04_chunk012 (300/720) in 199.2s
[2026-04-20T22:18:52+08:00] Completed L05_p04_chunk015 (301/720) in 199.1s
[2026-04-20T22:18:52+08:00] Completed L05_p04_chunk001 (302/720) in 199.8s
[2026-04-20T22:18:52+08:00] Completed L05_p03_chunk013 (303/720) in 200.1s
[2026-04-20T22:18:52+08:00] Completed L05_p03_chunk011 (304/720) in 200.2s
[2026-04-20T22:18:52+08:00] Completed L05_p04_chunk008 (305/720) in 199.6s
[2026-04-20T22:18:52+08:00] Completed L05_p05_chunk003 (306/720) in 199.4s
[2026-04-20T22:18:52+08:00] Completed L05_p04_chunk011 (307/720) in 199.9s
[2026-04-20T22:18:52+08:00] Completed L05_p05_chunk006 (308/720) in 199.3s
[2026-04-20T22:18:52+08:00] Completed L05_p03_chunk012 (309/720) in 200.7s
[2026-04-20T22:18:53+08:00] Completed L05_p03_chunk014 (310/720) in 200.8s
[2026-04-20T22:18:53+08:00] Completed L05_p04_chunk007 (311/720) in 200.5s
[2026-04-20T22:18:53+08:00] Completed L05_p05_chunk004 (312/720) in 199.7s
[2026-04-20T22:18:53+08:00] Completed L05_p04_chunk002 (313/720) in 200.7s
[2026-04-20T22:18:53+08:00] Completed L05_p04_chunk000 (314/720) in 200.9s
[2026-04-20T22:18:53+08:00] Completed L05_p05_chunk012 (315/720) in 199.3s
[2026-04-20T22:18:53+08:00] Completed L05_p04_chunk004 (316/720) in 200.8s
[2026-04-20T22:18:53+08:00] Completed L05_p05_chunk009 (317/720) in 200.0s
[2026-04-20T22:18:53+08:00] Completed L05_p05_chunk002 (318/720) in 200.6s
[2026-04-20T22:18:53+08:00] Completed L05_p04_chunk009 (319/720) in 201.1s
[2026-04-20T22:18:54+08:00] Completed L05_p05_chunk007 (320/720) in 200.4s
[2026-04-20T22:18:54+08:00] Completed L05_p04_chunk013 (321/720) in 201.1s
[2026-04-20T22:18:54+08:00] Completed L05_p04_chunk010 (322/720) in 201.3s
[2026-04-20T22:18:54+08:00] Completed L05_p05_chunk005 (323/720) in 200.8s
[2026-04-20T22:18:54+08:00] Completed L05_p05_chunk000 (324/720) in 201.3s
[2026-04-20T22:18:55+08:00] Completed L05_p04_chunk014 (325/720) in 202.0s
[2026-04-20T22:18:55+08:00] Completed L05_p05_chunk013 (326/720) in 201.0s
[2026-04-20T22:18:55+08:00] Completed L05_p05_chunk014 (327/720) in 200.8s
[2026-04-20T22:18:55+08:00] Completed L05_p05_chunk010 (328/720) in 201.4s
[2026-04-20T22:18:56+08:00] Completed L05_p05_chunk001 (329/720) in 202.9s
[2026-04-20T22:18:57+08:00] Completed L05_p05_chunk015 (330/720) in 202.7s
[2026-04-20T22:19:20+08:00] Completed L05_p00_chunk011 (331/720) in 282.4s
[2026-04-20T22:20:01+08:00] Completed L05_p02_chunk013 (332/720) in 280.8s
[2026-04-20T22:20:03+08:00] Completed L05_p02_chunk014 (333/720) in 281.8s
[2026-04-20T22:20:06+08:00] Completed L05_p02_chunk015 (334/720) in 282.8s
[2026-04-20T22:20:17+08:00] Completed L05_p04_chunk006 (335/720) in 284.5s
[2026-04-20T22:20:17+08:00] Completed L05_p05_chunk011 (336/720) in 284.1s
[2026-04-20T22:21:15+08:00] Completed L05_p06_chunk005 (337/720) in 199.4s
[2026-04-20T22:21:15+08:00] Completed L05_p06_chunk000 (338/720) in 200.7s
[2026-04-20T22:21:16+08:00] Completed L05_p06_chunk006 (339/720) in 200.4s
[2026-04-20T22:21:16+08:00] Completed L05_p06_chunk004 (340/720) in 200.7s
[2026-04-20T22:21:16+08:00] Completed L05_p06_chunk002 (341/720) in 201.0s
[2026-04-20T22:21:16+08:00] Completed L05_p06_chunk003 (342/720) in 201.0s
[2026-04-20T22:21:16+08:00] Completed L05_p06_chunk012 (343/720) in 200.0s
[2026-04-20T22:21:17+08:00] Completed L05_p06_chunk015 (344/720) in 200.1s
[2026-04-20T22:21:17+08:00] Completed L05_p06_chunk011 (345/720) in 200.5s
[2026-04-20T22:21:17+08:00] Completed L05_p06_chunk001 (346/720) in 201.7s
[2026-04-20T22:21:17+08:00] Completed L05_p06_chunk007 (347/720) in 201.0s
[2026-04-20T22:21:17+08:00] Completed L05_p07_chunk001 (348/720) in 200.2s
[2026-04-20T22:21:17+08:00] Completed L05_p07_chunk002 (349/720) in 200.3s
[2026-04-20T22:21:17+08:00] Completed L05_p06_chunk010 (350/720) in 201.1s
[2026-04-20T22:21:17+08:00] Completed L05_p07_chunk005 (351/720) in 200.2s
[2026-04-20T22:21:18+08:00] Completed L05_p06_chunk014 (352/720) in 201.1s
[2026-04-20T22:21:18+08:00] Completed L05_p06_chunk009 (353/720) in 201.8s
[2026-04-20T22:21:18+08:00] Completed L05_p06_chunk008 (354/720) in 201.9s
[2026-04-20T22:21:18+08:00] Completed L05_p07_chunk007 (355/720) in 200.7s
[2026-04-20T22:21:18+08:00] Completed L05_p07_chunk015 (356/720) in 200.0s
[2026-04-20T22:21:19+08:00] Completed L05_p07_chunk010 (357/720) in 201.0s
[2026-04-20T22:21:19+08:00] Completed L05_p07_chunk009 (358/720) in 201.5s
[2026-04-20T22:21:19+08:00] Completed L05_p07_chunk004 (359/720) in 202.0s
[2026-04-20T22:21:19+08:00] Completed L05_p07_chunk000 (360/720) in 202.4s
[2026-04-20T22:21:20+08:00] Completed L05_p07_chunk012 (361/720) in 201.6s
[2026-04-20T22:21:20+08:00] Completed L05_p07_chunk006 (362/720) in 202.5s
[2026-04-20T22:21:20+08:00] Completed L05_p07_chunk014 (363/720) in 201.6s
[2026-04-20T22:21:20+08:00] Completed L05_p08_chunk001 (364/720) in 201.4s
[2026-04-20T22:21:20+08:00] Completed L05_p06_chunk013 (365/720) in 203.6s
[2026-04-20T22:21:20+08:00] Completed L05_p07_chunk003 (366/720) in 203.5s
[2026-04-20T22:21:20+08:00] Completed L05_p07_chunk011 (367/720) in 202.4s
[2026-04-20T22:21:21+08:00] Completed L05_p08_chunk002 (368/720) in 201.8s
[2026-04-20T22:21:21+08:00] Completed L05_p07_chunk008 (369/720) in 203.5s
[2026-04-20T22:21:21+08:00] Completed L05_p07_chunk013 (370/720) in 202.9s
[2026-04-20T22:21:21+08:00] Completed L05_p08_chunk004 (371/720) in 201.5s
[2026-04-20T22:21:21+08:00] Completed L05_p08_chunk005 (372/720) in 201.5s
[2026-04-20T22:21:21+08:00] Completed L05_p08_chunk000 (373/720) in 202.8s
[2026-04-20T22:21:24+08:00] Completed L05_p08_chunk006 (374/720) in 203.5s
[2026-04-20T22:21:24+08:00] Completed L05_p08_chunk003 (375/720) in 205.2s
[2026-04-20T22:21:29+08:00] Completed L05_p08_chunk008 (376/720) in 198.8s
[2026-04-20T22:21:30+08:00] Completed L05_p08_chunk007 (377/720) in 202.9s
[2026-04-20T22:21:40+08:00] Completed L05_p08_chunk009 (378/720) in 201.3s
[2026-04-20T22:21:49+08:00] Completed L05_p08_chunk010 (379/720) in 202.5s
[2026-04-20T22:22:03+08:00] Completed L05_p08_chunk011 (380/720) in 201.1s
[2026-04-20T22:22:11+08:00] Completed L05_p08_chunk015 (381/720) in 201.4s
[2026-04-20T22:22:11+08:00] Completed L05_p08_chunk012 (382/720) in 202.5s
[2026-04-20T22:22:11+08:00] Completed L05_p09_chunk004 (383/720) in 200.7s
[2026-04-20T22:22:12+08:00] Completed L05_p09_chunk002 (384/720) in 201.2s
[2026-04-20T22:22:12+08:00] Completed L05_p09_chunk003 (385/720) in 201.5s
[2026-04-20T22:22:12+08:00] Completed L05_p09_chunk005 (386/720) in 201.4s
[2026-04-20T22:22:12+08:00] Completed L05_p09_chunk007 (387/720) in 201.4s
[2026-04-20T22:22:12+08:00] Completed L05_p09_chunk000 (388/720) in 202.2s
[2026-04-20T22:22:13+08:00] Completed L05_p09_chunk011 (389/720) in 201.1s
[2026-04-20T22:22:13+08:00] Completed L05_p08_chunk014 (390/720) in 203.2s
[2026-04-20T22:22:13+08:00] Completed L05_p09_chunk008 (391/720) in 201.7s
[2026-04-20T22:22:13+08:00] Completed L05_p09_chunk001 (392/720) in 202.5s
[2026-04-20T22:22:13+08:00] Completed L05_p08_chunk013 (393/720) in 203.7s
[2026-04-20T22:22:13+08:00] Completed L05_p09_chunk012 (394/720) in 201.8s
[2026-04-20T22:22:14+08:00] Completed L05_p09_chunk009 (395/720) in 202.6s
[2026-04-20T22:22:14+08:00] Completed L05_p10_chunk008 (396/720) in 201.1s
[2026-04-20T22:22:14+08:00] Completed L05_p09_chunk006 (397/720) in 203.1s
[2026-04-20T22:22:14+08:00] Completed L05_p09_chunk010 (398/720) in 202.6s
[2026-04-20T22:22:14+08:00] Completed L05_p10_chunk001 (399/720) in 202.1s
[2026-04-20T22:22:14+08:00] Completed L05_p10_chunk004 (400/720) in 201.9s
[2026-04-20T22:22:14+08:00] Completed L05_p10_chunk000 (401/720) in 202.6s
[2026-04-20T22:22:15+08:00] Completed L05_p10_chunk009 (402/720) in 201.8s
[2026-04-20T22:22:15+08:00] Completed L05_p10_chunk011 (403/720) in 201.8s
[2026-04-20T22:22:15+08:00] Completed L05_p10_chunk005 (404/720) in 202.5s
[2026-04-20T22:22:15+08:00] Completed L05_p09_chunk014 (405/720) in 203.2s
[2026-04-20T22:22:15+08:00] Completed L05_p11_chunk003 (406/720) in 201.3s
[2026-04-20T22:22:15+08:00] Completed L05_p10_chunk003 (407/720) in 203.1s
[2026-04-20T22:22:15+08:00] Completed L05_p10_chunk006 (408/720) in 202.8s
[2026-04-20T22:22:16+08:00] Completed L05_p10_chunk012 (409/720) in 202.3s
[2026-04-20T22:22:16+08:00] Completed L05_p10_chunk002 (410/720) in 203.6s
[2026-04-20T22:22:16+08:00] Completed L05_p09_chunk015 (411/720) in 204.2s
[2026-04-20T22:22:16+08:00] Completed L05_p09_chunk013 (412/720) in 204.3s
[2026-04-20T22:22:16+08:00] Completed L05_p10_chunk014 (413/720) in 202.9s
[2026-04-20T22:22:16+08:00] Completed L05_p11_chunk000 (414/720) in 202.7s
[2026-04-20T22:22:17+08:00] Completed L05_p11_chunk006 (415/720) in 201.8s
[2026-04-20T22:22:17+08:00] Completed L05_p10_chunk010 (416/720) in 203.8s
[2026-04-20T22:22:17+08:00] Completed L05_p10_chunk013 (417/720) in 203.4s
[2026-04-20T22:22:18+08:00] Completed L05_p11_chunk007 (418/720) in 203.0s
[2026-04-20T22:22:18+08:00] Completed L05_p11_chunk008 (419/720) in 202.5s
[2026-04-20T22:22:18+08:00] Completed L05_p10_chunk015 (420/720) in 204.6s
[2026-04-20T22:22:18+08:00] Completed L05_p11_chunk002 (421/720) in 204.6s
[2026-04-20T22:22:19+08:00] Completed L05_p11_chunk004 (422/720) in 204.1s
[2026-04-20T22:22:19+08:00] Completed L05_p11_chunk001 (423/720) in 205.1s
[2026-04-20T22:22:19+08:00] Completed L05_p11_chunk005 (424/720) in 204.3s
[2026-04-20T22:22:20+08:00] Completed L05_p11_chunk009 (425/720) in 203.7s
[2026-04-20T22:22:34+08:00] Completed L05_p10_chunk007 (426/720) in 221.3s
[2026-04-20T22:23:55+08:00] Completed L05_p11_chunk012 (427/720) in 231.7s
[2026-04-20T22:23:56+08:00] Completed L05_p11_chunk014 (428/720) in 219.6s
[2026-04-20T22:24:06+08:00] Completed L05_p11_chunk010 (429/720) in 286.1s
[2026-04-20T22:24:39+08:00] Completed L05_p12_chunk000 (430/720) in 203.8s
[2026-04-20T22:24:39+08:00] Completed L05_p12_chunk002 (431/720) in 203.0s
[2026-04-20T22:24:39+08:00] Completed L05_p12_chunk005 (432/720) in 203.0s
[2026-04-20T22:24:40+08:00] Completed L05_p12_chunk001 (433/720) in 204.5s
[2026-04-20T22:24:40+08:00] Completed L05_p13_chunk003 (434/720) in 201.8s
[2026-04-20T22:24:40+08:00] Completed L05_p12_chunk004 (435/720) in 203.9s
[2026-04-20T22:24:40+08:00] Completed L05_p12_chunk009 (436/720) in 203.4s
[2026-04-20T22:24:41+08:00] Completed L05_p12_chunk013 (437/720) in 203.5s
[2026-04-20T22:24:41+08:00] Completed L05_p12_chunk012 (438/720) in 203.8s
[2026-04-20T22:24:41+08:00] Completed L05_p12_chunk007 (439/720) in 204.3s
[2026-04-20T22:24:41+08:00] Completed L05_p12_chunk014 (440/720) in 203.8s
[2026-04-20T22:24:41+08:00] Completed L05_p12_chunk003 (441/720) in 205.0s
[2026-04-20T22:24:42+08:00] Completed L05_p12_chunk008 (442/720) in 205.0s
[2026-04-20T22:24:42+08:00] Completed L05_p12_chunk010 (443/720) in 205.2s
[2026-04-20T22:24:42+08:00] Completed L05_p12_chunk006 (444/720) in 205.7s
[2026-04-20T22:24:42+08:00] Completed L05_p12_chunk015 (445/720) in 204.9s
[2026-04-20T22:24:43+08:00] Completed L05_p13_chunk001 (446/720) in 204.9s
[2026-04-20T22:24:43+08:00] Completed L05_p13_chunk000 (447/720) in 205.1s
[2026-04-20T22:24:44+08:00] Completed L05_p13_chunk006 (448/720) in 204.5s
[2026-04-20T22:24:44+08:00] Completed L05_p13_chunk005 (449/720) in 205.0s
[2026-04-20T22:24:44+08:00] Completed L05_p13_chunk009 (450/720) in 204.3s
[2026-04-20T22:24:44+08:00] Completed L05_p13_chunk010 (451/720) in 204.2s
[2026-04-20T22:24:44+08:00] Completed L05_p13_chunk007 (452/720) in 205.1s
[2026-04-20T22:24:44+08:00] Completed L05_p13_chunk011 (453/720) in 204.2s
[2026-04-20T22:24:45+08:00] Completed L05_p13_chunk004 (454/720) in 206.4s
[2026-04-20T22:24:45+08:00] Completed L05_p13_chunk013 (455/720) in 204.9s
[2026-04-20T22:24:45+08:00] Completed L05_p13_chunk015 (456/720) in 204.8s
[2026-04-20T22:24:45+08:00] Completed L05_p13_chunk012 (457/720) in 205.4s
[2026-04-20T22:24:46+08:00] Completed L05_p14_chunk004 (458/720) in 204.7s
[2026-04-20T22:24:46+08:00] Completed L05_p13_chunk008 (459/720) in 206.4s
[2026-04-20T22:24:46+08:00] Completed L05_p14_chunk002 (460/720) in 205.2s
[2026-04-20T22:24:46+08:00] Completed L05_p14_chunk001 (461/720) in 205.4s
[2026-04-20T22:24:47+08:00] Completed L05_p13_chunk014 (462/720) in 206.4s
[2026-04-20T22:24:47+08:00] Completed L05_p14_chunk000 (463/720) in 206.4s
[2026-04-20T22:24:47+08:00] Completed L05_p13_chunk002 (464/720) in 209.2s
[2026-04-20T22:24:48+08:00] Completed L05_p14_chunk003 (465/720) in 206.8s
[2026-04-20T22:24:48+08:00] Completed L05_p11_chunk011 (466/720) in 287.1s
[2026-04-20T22:24:51+08:00] Completed L05_p14_chunk005 (467/720) in 207.5s
[2026-04-20T22:24:52+08:00] Completed L05_p14_chunk006 (468/720) in 207.6s
[2026-04-20T22:24:53+08:00] Completed L05_p14_chunk007 (469/720) in 204.5s
[2026-04-20T22:24:55+08:00] Completed L05_p11_chunk013 (470/720) in 288.7s
[2026-04-20T22:24:56+08:00] Completed L05_p14_chunk008 (471/720) in 206.2s
[2026-04-20T22:25:06+08:00] Completed L05_p14_chunk009 (472/720) in 206.9s
[2026-04-20T22:25:07+08:00] Completed L05_p11_chunk015 (473/720) in 289.1s
[2026-04-20T22:25:15+08:00] Completed L05_p14_chunk010 (474/720) in 205.4s
[2026-04-20T22:25:29+08:00] Completed L05_p14_chunk011 (475/720) in 205.6s
[2026-04-20T22:25:34+08:00] Completed L05_p14_chunk013 (476/720) in 203.2s
[2026-04-20T22:25:36+08:00] Completed L05_p14_chunk012 (477/720) in 204.7s
[2026-04-20T22:25:36+08:00] Completed L05_p14_chunk014 (478/720) in 204.3s
[2026-04-20T22:25:36+08:00] Completed L05_p14_chunk015 (479/720) in 204.3s
[2026-04-20T22:25:59+08:00] Completed L05_p12_chunk011 (480/720) in 281.7s
[2026-04-20T22:31:38+08:00] Completed L07_p00_chunk003 (481/720) in 566.0s
[2026-04-20T22:31:39+08:00] Completed L07_p00_chunk001 (482/720) in 566.6s
[2026-04-20T22:31:39+08:00] Completed L07_p00_chunk006 (483/720) in 566.3s
[2026-04-20T22:31:39+08:00] Completed L07_p00_chunk005 (484/720) in 566.7s
[2026-04-20T22:31:41+08:00] Completed L07_p00_chunk000 (485/720) in 568.7s
[2026-04-20T22:31:42+08:00] Completed L07_p00_chunk013 (486/720) in 568.3s
[2026-04-20T22:31:43+08:00] Completed L07_p00_chunk011 (487/720) in 569.0s
[2026-04-20T22:31:43+08:00] Completed L07_p00_chunk010 (488/720) in 569.1s
[2026-04-20T22:31:45+08:00] Completed L07_p00_chunk008 (489/720) in 571.6s
[2026-04-20T22:31:45+08:00] Completed L07_p01_chunk000 (490/720) in 570.5s
[2026-04-20T22:31:45+08:00] Completed L07_p00_chunk002 (491/720) in 572.8s
[2026-04-20T22:31:45+08:00] Completed L07_p00_chunk009 (492/720) in 571.9s
[2026-04-20T22:31:46+08:00] Completed L07_p00_chunk004 (493/720) in 572.8s
[2026-04-20T22:31:46+08:00] Completed L07_p01_chunk005 (494/720) in 570.5s
[2026-04-20T22:31:46+08:00] Completed L07_p01_chunk009 (495/720) in 570.1s
[2026-04-20T22:31:46+08:00] Completed L07_p00_chunk007 (496/720) in 573.6s
[2026-04-20T22:31:47+08:00] Completed L07_p01_chunk003 (497/720) in 571.6s
[2026-04-20T22:31:47+08:00] Completed L07_p00_chunk012 (498/720) in 572.9s
[2026-04-20T22:31:47+08:00] Completed L07_p01_chunk014 (499/720) in 570.4s
[2026-04-20T22:31:47+08:00] Completed L07_p01_chunk001 (500/720) in 572.5s
[2026-04-20T22:31:47+08:00] Completed L07_p01_chunk006 (501/720) in 571.8s
[2026-04-20T22:31:47+08:00] Completed L07_p01_chunk007 (502/720) in 572.1s
[2026-04-20T22:31:48+08:00] Completed L07_p01_chunk002 (503/720) in 573.5s
[2026-04-20T22:31:48+08:00] Completed L07_p01_chunk008 (504/720) in 572.7s
[2026-04-20T22:31:48+08:00] Completed L07_p01_chunk011 (505/720) in 572.3s
[2026-04-20T22:31:48+08:00] Completed L07_p00_chunk015 (506/720) in 574.2s
[2026-04-20T22:31:48+08:00] Completed L07_p01_chunk013 (507/720) in 572.2s
[2026-04-20T22:31:49+08:00] Completed L07_p01_chunk015 (508/720) in 572.4s
[2026-04-20T22:31:49+08:00] Completed L07_p00_chunk014 (509/720) in 574.9s
[2026-04-20T22:31:49+08:00] Completed L07_p02_chunk001 (510/720) in 571.5s
[2026-04-20T22:31:49+08:00] Completed L07_p01_chunk004 (511/720) in 574.3s
[2026-04-20T22:31:50+08:00] Completed L07_p01_chunk012 (512/720) in 574.2s
[2026-04-20T22:31:50+08:00] Completed L07_p01_chunk010 (513/720) in 574.4s
[2026-04-20T22:31:51+08:00] Completed L07_p02_chunk000 (514/720) in 574.3s
[2026-04-20T22:31:52+08:00] Completed L07_p02_chunk006 (515/720) in 572.9s
[2026-04-20T22:31:52+08:00] Completed L07_p02_chunk004 (516/720) in 573.7s
[2026-04-20T22:31:53+08:00] Completed L07_p02_chunk008 (517/720) in 572.4s
[2026-04-20T22:31:53+08:00] Completed L07_p02_chunk005 (518/720) in 574.5s
[2026-04-20T22:31:55+08:00] Completed L07_p02_chunk002 (519/720) in 576.9s
[2026-04-20T22:31:55+08:00] Completed L07_p02_chunk003 (520/720) in 576.9s
[2026-04-20T22:31:56+08:00] Completed L07_p02_chunk007 (521/720) in 577.2s
[2026-04-20T22:33:27+08:00] Completed L07_p02_chunk010 (522/720) in 572.7s
[2026-04-20T22:33:30+08:00] Completed L07_p02_chunk011 (523/720) in 573.8s
[2026-04-20T22:34:11+08:00] Completed L07_p03_chunk004 (524/720) in 569.8s
[2026-04-20T22:34:11+08:00] Completed L07_p02_chunk015 (525/720) in 571.6s
[2026-04-20T22:34:12+08:00] Completed L07_p03_chunk000 (526/720) in 571.7s
[2026-04-20T22:34:13+08:00] Completed L07_p03_chunk005 (527/720) in 572.5s
[2026-04-20T22:34:14+08:00] Completed L07_p02_chunk013 (528/720) in 575.0s
[2026-04-20T22:34:15+08:00] Completed L07_p03_chunk003 (529/720) in 574.3s
[2026-04-20T22:34:15+08:00] Completed L07_p03_chunk006 (530/720) in 573.8s
[2026-04-20T22:34:16+08:00] Completed L07_p03_chunk007 (531/720) in 574.6s
[2026-04-20T22:34:17+08:00] Completed L07_p03_chunk009 (532/720) in 575.0s
[2026-04-20T22:34:17+08:00] Completed L07_p03_chunk013 (533/720) in 574.1s
[2026-04-20T22:34:17+08:00] Completed L07_p04_chunk004 (534/720) in 572.7s
[2026-04-20T22:34:17+08:00] Completed L07_p03_chunk011 (535/720) in 574.9s
[2026-04-20T22:34:17+08:00] Completed L07_p02_chunk014 (536/720) in 578.1s
[2026-04-20T22:34:18+08:00] Completed L07_p03_chunk002 (537/720) in 577.6s
[2026-04-20T22:34:18+08:00] Completed L07_p03_chunk012 (538/720) in 575.4s
[2026-04-20T22:34:19+08:00] Completed L07_p03_chunk008 (539/720) in 577.1s
[2026-04-20T22:34:19+08:00] Completed L07_p04_chunk003 (540/720) in 574.5s
[2026-04-20T22:34:19+08:00] Completed L07_p03_chunk014 (541/720) in 575.8s
[2026-04-20T22:34:20+08:00] Completed L07_p04_chunk005 (542/720) in 574.6s
[2026-04-20T22:34:20+08:00] Completed L07_p03_chunk015 (543/720) in 576.3s
[2026-04-20T22:34:22+08:00] Completed L07_p04_chunk012 (544/720) in 575.3s
[2026-04-20T22:34:23+08:00] Completed L07_p04_chunk001 (545/720) in 578.7s
[2026-04-20T22:34:23+08:00] Completed L07_p03_chunk010 (546/720) in 580.7s
[2026-04-20T22:34:23+08:00] Completed L07_p04_chunk000 (547/720) in 579.4s
[2026-04-20T22:34:23+08:00] Completed L07_p04_chunk007 (548/720) in 578.1s
[2026-04-20T22:34:24+08:00] Completed L07_p04_chunk006 (549/720) in 578.8s
[2026-04-20T22:34:24+08:00] Completed L07_p04_chunk009 (550/720) in 578.3s
[2026-04-20T22:34:25+08:00] Completed L07_p04_chunk013 (551/720) in 578.1s
[2026-04-20T22:34:27+08:00] Completed L07_p04_chunk008 (552/720) in 581.5s
[2026-04-20T22:34:27+08:00] Completed L07_p03_chunk001 (553/720) in 587.2s
[2026-04-20T22:34:28+08:00] Completed L07_p04_chunk011 (554/720) in 582.0s
[2026-04-20T22:34:29+08:00] Completed L07_p04_chunk015 (555/720) in 582.0s
[2026-04-20T22:34:32+08:00] Completed L07_p04_chunk002 (556/720) in 587.6s
[2026-04-20T22:34:32+08:00] Completed L07_p04_chunk010 (557/720) in 585.6s
[2026-04-20T22:34:32+08:00] Completed L07_p05_chunk004 (558/720) in 578.2s
[2026-04-20T22:34:32+08:00] Completed L07_p05_chunk003 (559/720) in 580.3s
[2026-04-20T22:34:33+08:00] Completed L07_p04_chunk014 (560/720) in 585.6s
[2026-04-20T22:34:35+08:00] Completed L07_p05_chunk000 (561/720) in 586.6s
[2026-04-20T22:34:36+08:00] Completed L07_p05_chunk006 (562/720) in 580.4s
[2026-04-20T22:34:39+08:00] Completed L07_p05_chunk002 (563/720) in 587.5s
[2026-04-20T22:34:44+08:00] Completed L07_p05_chunk007 (564/720) in 577.9s
[2026-04-20T22:34:57+08:00] Completed L07_p05_chunk009 (565/720) in 582.5s
[2026-04-20T22:35:07+08:00] Completed L07_p05_chunk010 (566/720) in 578.5s
[2026-04-20T22:35:08+08:00] Completed L07_p05_chunk013 (567/720) in 572.2s
[2026-04-20T22:35:09+08:00] Completed L07_p05_chunk011 (568/720) in 575.0s
[2026-04-20T22:35:14+08:00] Completed L07_p05_chunk014 (569/720) in 578.0s
[2026-04-20T22:35:14+08:00] Completed L07_p05_chunk012 (570/720) in 578.3s
[2026-04-20T22:36:09+08:00] Completed L07_p02_chunk009 (571/720) in 814.9s
[2026-04-20T22:36:09+08:00] Completed L07_p02_chunk012 (572/720) in 722.6s
[2026-04-20T22:37:00+08:00] Completed L07_p05_chunk005 (573/720) in 725.3s
[2026-04-20T22:38:29+08:00] Completed L07_p05_chunk001 (574/720) in 821.1s
[2026-04-20T22:38:48+08:00] Completed L07_p05_chunk008 (575/720) in 821.0s
[2026-04-20T22:39:34+08:00] Completed L07_p05_chunk015 (576/720) in 815.7s
[2026-04-20T22:41:15+08:00] Completed L07_p06_chunk002 (577/720) in 575.9s
[2026-04-20T22:41:16+08:00] Completed L07_p06_chunk003 (578/720) in 577.0s
[2026-04-20T22:41:17+08:00] Completed L07_p06_chunk006 (579/720) in 573.8s
[2026-04-20T22:41:18+08:00] Completed L07_p06_chunk000 (580/720) in 579.0s
[2026-04-20T22:41:19+08:00] Completed L07_p06_chunk004 (581/720) in 577.8s
[2026-04-20T22:41:19+08:00] Completed L07_p06_chunk001 (582/720) in 580.3s
[2026-04-20T22:41:19+08:00] Completed L07_p06_chunk009 (583/720) in 574.4s
[2026-04-20T22:41:20+08:00] Completed L07_p06_chunk012 (584/720) in 574.5s
[2026-04-20T22:41:21+08:00] Completed L07_p06_chunk010 (585/720) in 575.5s
[2026-04-20T22:41:21+08:00] Completed L07_p06_chunk011 (586/720) in 575.5s
[2026-04-20T22:41:23+08:00] Completed L07_p06_chunk007 (587/720) in 579.8s
[2026-04-20T22:41:24+08:00] Completed L07_p07_chunk001 (588/720) in 577.1s
[2026-04-20T22:41:24+08:00] Completed L07_p06_chunk014 (589/720) in 578.3s
[2026-04-20T22:41:25+08:00] Completed L07_p07_chunk009 (590/720) in 577.0s
[2026-04-20T22:41:26+08:00] Completed L07_p07_chunk000 (591/720) in 579.6s
[2026-04-20T22:41:27+08:00] Completed L07_p07_chunk010 (592/720) in 578.8s
[2026-04-20T22:41:28+08:00] Completed L07_p06_chunk013 (593/720) in 581.7s
[2026-04-20T22:41:29+08:00] Completed L07_p07_chunk007 (594/720) in 580.7s
[2026-04-20T22:41:30+08:00] Completed L07_p07_chunk003 (595/720) in 582.8s
[2026-04-20T22:41:31+08:00] Completed L07_p07_chunk004 (596/720) in 584.0s
[2026-04-20T22:41:31+08:00] Completed L07_p07_chunk008 (597/720) in 583.2s
[2026-04-20T22:41:32+08:00] Completed L07_p08_chunk002 (598/720) in 580.2s
[2026-04-20T22:41:32+08:00] Completed L07_p07_chunk013 (599/720) in 582.8s
[2026-04-20T22:41:33+08:00] Completed L07_p08_chunk003 (600/720) in 581.4s
[2026-04-20T22:41:34+08:00] Completed L07_p08_chunk004 (601/720) in 581.1s
[2026-04-20T22:41:34+08:00] Completed L07_p07_chunk005 (602/720) in 587.0s
[2026-04-20T22:41:36+08:00] Completed L07_p08_chunk001 (603/720) in 585.3s
[2026-04-20T22:41:38+08:00] Completed L07_p08_chunk008 (604/720) in 581.6s
[2026-04-20T22:41:38+08:00] Completed L07_p07_chunk006 (605/720) in 590.2s
[2026-04-20T22:41:39+08:00] Completed L07_p06_chunk005 (606/720) in 596.4s
[2026-04-20T22:41:40+08:00] Completed L07_p06_chunk015 (607/720) in 593.6s
[2026-04-20T22:41:41+08:00] Completed L07_p07_chunk011 (608/720) in 591.6s
[2026-04-20T22:41:41+08:00] Completed L07_p08_chunk005 (609/720) in 587.8s
[2026-04-20T22:41:42+08:00] Completed L07_p07_chunk014 (610/720) in 592.4s
[2026-04-20T22:41:46+08:00] Completed L07_p07_chunk012 (611/720) in 596.9s
[2026-04-20T22:41:47+08:00] Completed L07_p07_chunk015 (612/720) in 596.5s
[2026-04-20T22:41:48+08:00] Completed L07_p06_chunk008 (613/720) in 603.1s
[2026-04-20T22:41:51+08:00] Completed L07_p07_chunk002 (614/720) in 604.0s
[2026-04-20T22:41:55+08:00] Completed L07_p08_chunk007 (615/720) in 599.7s
[2026-04-20T22:41:56+08:00] Completed L07_p08_chunk000 (616/720) in 605.6s
[2026-04-20T22:42:03+08:00] Completed L07_p08_chunk006 (617/720) in 608.2s
[2026-04-20T22:43:05+08:00] Completed L07_p08_chunk009 (618/720) in 577.5s
[2026-04-20T22:43:08+08:00] Completed L07_p08_chunk010 (619/720) in 578.3s
[2026-04-20T22:43:49+08:00] Completed L07_p08_chunk012 (620/720) in 578.4s
[2026-04-20T22:43:50+08:00] Completed L07_p08_chunk015 (621/720) in 576.1s
[2026-04-20T22:43:51+08:00] Completed L07_p08_chunk011 (622/720) in 580.5s
[2026-04-20T22:43:52+08:00] Completed L07_p08_chunk013 (623/720) in 580.7s
[2026-04-20T22:43:54+08:00] Completed L07_p09_chunk000 (624/720) in 579.4s
[2026-04-20T22:43:56+08:00] Completed L07_p08_chunk014 (625/720) in 582.6s
[2026-04-20T22:43:58+08:00] Completed L07_p09_chunk005 (626/720) in 581.3s
[2026-04-20T22:43:59+08:00] Completed L07_p09_chunk004 (627/720) in 582.3s
[2026-04-20T22:43:59+08:00] Completed L07_p09_chunk003 (628/720) in 582.4s
[2026-04-20T22:44:00+08:00] Completed L07_p09_chunk010 (629/720) in 581.4s
[2026-04-20T22:44:00+08:00] Completed L07_p09_chunk002 (630/720) in 584.3s
[2026-04-20T22:44:02+08:00] Completed L07_p09_chunk011 (631/720) in 583.4s
[2026-04-20T22:44:02+08:00] Completed L07_p09_chunk008 (632/720) in 584.4s
[2026-04-20T22:44:03+08:00] Completed L07_p09_chunk006 (633/720) in 585.6s
[2026-04-20T22:44:03+08:00] Completed L07_p09_chunk001 (634/720) in 588.4s
[2026-04-20T22:44:04+08:00] Completed L07_p09_chunk013 (635/720) in 584.6s
[2026-04-20T22:44:04+08:00] Completed L07_p09_chunk014 (636/720) in 584.5s
[2026-04-20T22:44:05+08:00] Completed L07_p10_chunk003 (637/720) in 581.5s
[2026-04-20T22:44:06+08:00] Completed L07_p09_chunk009 (638/720) in 588.0s
[2026-04-20T22:44:06+08:00] Completed L07_p09_chunk012 (639/720) in 587.3s
[2026-04-20T22:44:06+08:00] Completed L07_p09_chunk015 (640/720) in 584.8s
[2026-04-20T22:44:08+08:00] Completed L07_p10_chunk002 (641/720) in 584.6s
[2026-04-20T22:44:10+08:00] Completed L07_p10_chunk006 (642/720) in 585.0s
[2026-04-20T22:44:10+08:00] Completed L07_p10_chunk004 (643/720) in 586.1s
[2026-04-20T22:44:11+08:00] Completed L07_p10_chunk000 (644/720) in 588.4s
[2026-04-20T22:44:13+08:00] Completed L07_p10_chunk005 (645/720) in 589.0s
[2026-04-20T22:44:16+08:00] Completed L07_p10_chunk013 (646/720) in 584.1s
[2026-04-20T22:44:20+08:00] Completed L07_p10_chunk014 (647/720) in 587.8s
[2026-04-20T22:44:22+08:00] Completed L07_p10_chunk007 (648/720) in 594.6s
[2026-04-20T22:44:23+08:00] Completed L07_p10_chunk009 (649/720) in 594.3s
[2026-04-20T22:44:23+08:00] Completed L07_p11_chunk001 (650/720) in 587.1s
[2026-04-20T22:44:26+08:00] Completed L07_p09_chunk007 (651/720) in 609.2s
[2026-04-20T22:44:26+08:00] Completed L07_p10_chunk011 (652/720) in 594.8s
[2026-04-20T22:44:31+08:00] Completed L07_p11_chunk003 (653/720) in 586.7s
[2026-04-20T22:44:32+08:00] Completed L07_p10_chunk001 (654/720) in 609.3s
[2026-04-20T22:44:34+08:00] Completed L07_p11_chunk002 (655/720) in 595.5s
[2026-04-20T22:44:35+08:00] Completed L07_p10_chunk012 (656/720) in 603.0s
[2026-04-20T22:44:37+08:00] Completed L07_p10_chunk015 (657/720) in 603.7s
[2026-04-20T22:44:39+08:00] Completed L07_p11_chunk000 (658/720) in 604.2s
[2026-04-20T22:44:40+08:00] Completed L07_p10_chunk010 (659/720) in 611.0s
[2026-04-20T22:44:44+08:00] Completed L07_p10_chunk008 (660/720) in 616.3s
[2026-04-20T22:44:57+08:00] Completed L07_p11_chunk005 (661/720) in 589.7s
[2026-04-20T22:44:57+08:00] Completed L07_p11_chunk006 (662/720) in 589.4s
[2026-04-20T22:44:59+08:00] Completed L07_p11_chunk007 (663/720) in 589.7s
[2026-04-20T22:44:59+08:00] Completed L07_p11_chunk008 (664/720) in 585.2s
[2026-04-20T22:45:03+08:00] Completed L07_p11_chunk009 (665/720) in 588.6s
[2026-04-20T22:45:12+08:00] Completed L07_p11_chunk004 (666/720) in 615.1s
[2026-04-20T22:46:14+08:00] Completed L07_p11_chunk011 (667/720) in 604.7s
[2026-04-20T22:47:15+08:00] Completed L07_p11_chunk012 (668/720) in 614.8s
[2026-04-20T22:48:18+08:00] Completed L07_p11_chunk010 (669/720) in 728.8s
[2026-04-20T22:50:59+08:00] Completed L07_p11_chunk013 (670/720) in 749.1s
[2026-04-20T22:51:10+08:00] Completed L07_p12_chunk011 (671/720) in 586.2s
[2026-04-20T22:51:16+08:00] Completed L07_p13_chunk001 (672/720) in 586.8s
[2026-04-20T22:51:30+08:00] Completed L07_p13_chunk007 (673/720) in 596.8s
[2026-04-20T22:51:38+08:00] Completed L07_p12_chunk013 (674/720) in 612.6s
[2026-04-20T22:51:38+08:00] Completed L07_p13_chunk015 (675/720) in 597.8s
[2026-04-20T22:51:42+08:00] Completed L07_p11_chunk014 (676/720) in 774.9s
[2026-04-20T22:51:43+08:00] Completed L07_p13_chunk002 (677/720) in 613.1s
[2026-04-20T22:51:46+08:00] Completed L07_p12_chunk012 (678/720) in 621.7s
[2026-04-20T22:51:47+08:00] Completed L07_p13_chunk005 (679/720) in 614.8s
[2026-04-20T22:51:50+08:00] Completed L07_p13_chunk000 (680/720) in 622.7s
[2026-04-20T22:51:51+08:00] Completed L07_p13_chunk014 (681/720) in 611.3s
[2026-04-20T22:51:55+08:00] Completed L07_p12_chunk009 (682/720) in 634.4s
[2026-04-20T22:51:59+08:00] Completed L07_p12_chunk004 (683/720) in 640.7s
[2026-04-20T22:52:02+08:00] Completed L07_p12_chunk007 (684/720) in 641.8s
[2026-04-20T22:52:02+08:00] Completed L07_p12_chunk001 (685/720) in 645.8s
[2026-04-20T22:52:05+08:00] Completed L07_p12_chunk002 (686/720) in 648.5s
[2026-04-20T22:52:07+08:00] Completed L07_p12_chunk005 (687/720) in 648.3s
[2026-04-20T22:52:07+08:00] Completed L07_p12_chunk006 (688/720) in 648.0s
[2026-04-20T22:52:08+08:00] Completed L07_p12_chunk000 (689/720) in 652.6s
[2026-04-20T22:52:10+08:00] Completed L07_p12_chunk008 (690/720) in 649.3s
[2026-04-20T22:52:13+08:00] Completed L07_p12_chunk015 (691/720) in 646.0s
[2026-04-20T22:52:15+08:00] Completed L07_p12_chunk014 (692/720) in 648.5s
[2026-04-20T22:52:21+08:00] Completed L07_p12_chunk003 (693/720) in 663.2s
[2026-04-20T22:52:21+08:00] Completed L07_p13_chunk006 (694/720) in 649.0s
[2026-04-20T22:52:22+08:00] Completed L07_p13_chunk004 (695/720) in 650.5s
[2026-04-20T22:52:24+08:00] Completed L07_p13_chunk009 (696/720) in 649.8s
[2026-04-20T22:52:26+08:00] Completed L07_p13_chunk008 (697/720) in 652.0s
[2026-04-20T22:52:29+08:00] Completed L07_p13_chunk003 (698/720) in 658.0s
[2026-04-20T22:52:31+08:00] Completed L07_p13_chunk011 (699/720) in 653.0s
[2026-04-20T22:52:31+08:00] Completed L07_p13_chunk012 (700/720) in 652.3s
[2026-04-20T22:52:32+08:00] Completed L07_p13_chunk010 (701/720) in 655.1s
[2026-04-20T22:52:33+08:00] Completed L07_p11_chunk015 (702/720) in 779.1s
[2026-04-20T22:52:36+08:00] Completed L07_p13_chunk013 (703/720) in 657.0s
[2026-04-20T22:52:38+08:00] Completed L07_p14_chunk000 (704/720) in 657.4s
[2026-04-20T22:52:40+08:00] Completed L07_p12_chunk010 (705/720) in 676.8s
[2026-04-20T22:52:42+08:00] Completed L07_p14_chunk003 (706/720) in 655.1s
[2026-04-20T22:52:47+08:00] Completed L07_p14_chunk001 (707/720) in 665.3s
[2026-04-20T22:52:48+08:00] Completed L07_p14_chunk004 (708/720) in 659.7s
[2026-04-20T22:52:49+08:00] Completed L07_p14_chunk005 (709/720) in 658.1s
[2026-04-20T22:52:50+08:00] Completed L07_p14_chunk002 (710/720) in 664.1s
[2026-04-20T22:52:54+08:00] Completed L07_p14_chunk007 (711/720) in 658.4s
[2026-04-20T22:53:00+08:00] Completed L07_p14_chunk008 (712/720) in 656.8s
[2026-04-20T22:53:18+08:00] Completed L07_p14_chunk006 (713/720) in 683.5s
[2026-04-20T22:54:14+08:00] Completed L07_p14_chunk009 (714/720) in 669.5s
[2026-04-20T22:54:20+08:00] Completed L07_p14_chunk010 (715/720) in 671.4s
[2026-04-20T22:54:57+08:00] Completed L07_p14_chunk013 (716/720) in 666.0s
[2026-04-20T22:55:03+08:00] Completed L07_p14_chunk011 (717/720) in 674.0s
[2026-04-20T22:55:04+08:00] Completed L07_p14_chunk012 (718/720) in 674.0s
[2026-04-20T22:55:13+08:00] Completed L07_p14_chunk014 (719/720) in 680.7s
[2026-04-20T22:55:16+08:00] Completed L07_p14_chunk015 (720/720) in 681.9s
[2026-04-20T22:55:16+08:00] Merging chunk outputs
[2026-04-20T22:55:19+08:00] Final NPZ: /home/DATA1/users/yuany/.single_shot/runs/threshold_deep_20260420_221142/scan_result_multi_L_q0_geometric_multistart_threshold_deep.npz
[2026-04-20T22:55:19+08:00] Final PNG: /home/DATA1/users/yuany/.single_shot/runs/threshold_deep_20260420_221142/scan_result_multi_L_q0_geometric_multistart_threshold_deep.png
[2026-04-20T22:55:19+08:00] Chunk counts: completed=720 failed=0 pending=0
