[2026-04-21T22:53:32+08:00] Running exact_enumeration.py validation
Test 0 passed: q=0 move structure
test_name    u  exact_m_u   mcmc_m_u   abs_diff  tolerance   pass
Test 1       0    +0.9716    +0.9840     0.0124     0.0566   PASS
Test 1       1    +0.7457    +0.7548     0.0091     0.0566   PASS
Test 1       2    +0.7512    +0.7636     0.0124     0.0566   PASS
Test 2       0    +0.8324    +0.8388     0.0064     0.0566   PASS
Test 2       1    +0.9896    +0.9884     0.0012     0.0566   PASS
Test 2       2    +0.8256    +0.8336     0.0080     0.0566   PASS
Test 3       0    +0.9999    +1.0000     0.0001     0.0566   PASS
Test 3       1    +0.9999    +1.0000     0.0001     0.0566   PASS
Test 3       2    +0.9998    +1.0000     0.0002     0.0566   PASS
Test 4:00   0    +0.9896    +0.9904     0.0008     0.0566   PASS
Test 4:00   1    -0.8324    -0.8164     0.0160     0.0566   PASS
Test 4:00   2    -0.8256    -0.8100     0.0156     0.0566   PASS
Test 4:10   0    +0.9896    +0.9896     0.0000     0.0566   PASS
Test 4:10   1    -0.8324    -0.8356     0.0032     0.0566   PASS
Test 4:10   2    -0.8256    -0.8300     0.0044     0.0566   PASS
Test 4:01   0    +0.9896    +0.9916     0.0020     0.0566   PASS
Test 4:01   1    -0.8324    -0.8364     0.0040     0.0566   PASS
Test 4:01   2    -0.8256    -0.8288     0.0032     0.0566   PASS
Test 4:11   0    +0.9896    +0.9928     0.0032     0.0566   PASS
Test 4:11   1    -0.8324    -0.8308     0.0016     0.0566   PASS
Test 4:11   2    -0.8256    -0.8244     0.0012     0.0566   PASS
All exact-enumeration validations passed.
[2026-04-21T22:53:43+08:00] Running preflight chunk
[2026-04-21T22:53:45+08:00] Running preflight merge
[2026-04-21T22:53:45+08:00] Launching chunk workers: 96 workers for 448 chunks
[2026-04-22T00:12:22+08:00] Completed L09_p02_chunk013 (1/448) in 4716.7s
[2026-04-22T00:12:33+08:00] Completed L09_p01_chunk012 (2/448) in 4727.0s
[2026-04-22T00:12:33+08:00] Completed L09_p01_chunk021 (3/448) in 4727.5s
[2026-04-22T00:12:36+08:00] Completed L09_p01_chunk011 (4/448) in 4730.5s
[2026-04-22T00:12:53+08:00] Completed L09_p00_chunk014 (5/448) in 4747.9s
[2026-04-22T00:13:02+08:00] Completed L09_p01_chunk022 (6/448) in 4756.0s
[2026-04-22T00:13:05+08:00] Completed L09_p01_chunk023 (7/448) in 4758.9s
[2026-04-22T00:13:08+08:00] Completed L09_p02_chunk019 (8/448) in 4761.8s
[2026-04-22T00:13:10+08:00] Completed L09_p02_chunk015 (9/448) in 4764.6s
[2026-04-22T00:13:13+08:00] Completed L09_p02_chunk001 (10/448) in 4767.4s
[2026-04-22T00:13:18+08:00] Completed L09_p02_chunk023 (11/448) in 4772.2s
[2026-04-22T00:13:20+08:00] Completed L09_p00_chunk008 (12/448) in 4774.3s
[2026-04-22T00:13:21+08:00] Completed L09_p01_chunk018 (13/448) in 4775.2s
[2026-04-22T00:13:37+08:00] Completed L09_p01_chunk003 (14/448) in 4791.1s
[2026-04-22T00:13:39+08:00] Completed L09_p02_chunk024 (15/448) in 4793.4s
[2026-04-22T00:14:00+08:00] Completed L09_p02_chunk014 (16/448) in 4814.2s
[2026-04-22T00:14:02+08:00] Completed L09_p01_chunk020 (17/448) in 4816.0s
[2026-04-22T00:14:02+08:00] Completed L09_p02_chunk017 (18/448) in 4816.0s
[2026-04-22T00:14:05+08:00] Completed L09_p01_chunk029 (19/448) in 4819.4s
[2026-04-22T00:14:10+08:00] Completed L09_p02_chunk002 (20/448) in 4824.3s
[2026-04-22T00:14:11+08:00] Completed L09_p01_chunk000 (21/448) in 4825.5s
[2026-04-22T00:14:12+08:00] Completed L09_p02_chunk016 (22/448) in 4826.0s
[2026-04-22T00:14:16+08:00] Completed L09_p02_chunk004 (23/448) in 4830.2s
[2026-04-22T00:14:27+08:00] Completed L09_p00_chunk001 (24/448) in 4841.0s
[2026-04-22T00:14:47+08:00] Completed L09_p00_chunk016 (25/448) in 4861.4s
[2026-04-22T00:15:10+08:00] Completed L09_p00_chunk031 (26/448) in 4884.8s
[2026-04-22T00:15:24+08:00] Completed L09_p00_chunk029 (27/448) in 4898.8s
[2026-04-22T00:15:25+08:00] Completed L09_p00_chunk007 (28/448) in 4899.1s
[2026-04-22T00:15:29+08:00] Completed L09_p00_chunk021 (29/448) in 4903.4s
[2026-04-22T00:15:34+08:00] Completed L09_p00_chunk012 (30/448) in 4908.8s
[2026-04-22T00:15:55+08:00] Completed L09_p01_chunk009 (31/448) in 4928.9s
[2026-04-22T00:15:56+08:00] Completed L09_p00_chunk024 (32/448) in 4930.2s
[2026-04-22T00:16:02+08:00] Completed L09_p01_chunk001 (33/448) in 4936.5s
[2026-04-22T00:16:19+08:00] Completed L09_p00_chunk003 (34/448) in 4953.8s
[2026-04-22T00:16:20+08:00] Completed L09_p01_chunk030 (35/448) in 4954.5s
[2026-04-22T00:16:27+08:00] Completed L09_p00_chunk005 (36/448) in 4961.2s
[2026-04-22T00:16:28+08:00] Completed L09_p00_chunk026 (37/448) in 4962.2s
[2026-04-22T00:17:04+08:00] Completed L09_p00_chunk022 (38/448) in 4998.9s
[2026-04-22T00:17:20+08:00] Completed L09_p00_chunk010 (39/448) in 5014.4s
[2026-04-22T00:17:29+08:00] Completed L09_p00_chunk000 (40/448) in 5023.6s
[2026-04-22T00:17:40+08:00] Completed L09_p00_chunk025 (41/448) in 5034.5s
[2026-04-22T00:17:41+08:00] Completed L09_p01_chunk025 (42/448) in 5035.3s
[2026-04-22T00:17:49+08:00] Completed L09_p00_chunk013 (43/448) in 5043.7s
[2026-04-22T00:17:50+08:00] Completed L09_p00_chunk009 (44/448) in 5043.9s
[2026-04-22T00:17:54+08:00] Completed L09_p02_chunk003 (45/448) in 5048.7s
[2026-04-22T00:17:55+08:00] Completed L09_p00_chunk028 (46/448) in 5049.9s
[2026-04-22T00:17:58+08:00] Completed L09_p01_chunk002 (47/448) in 5052.9s
[2026-04-22T00:18:02+08:00] Completed L09_p01_chunk004 (48/448) in 5056.3s
[2026-04-22T00:18:03+08:00] Completed L09_p02_chunk028 (49/448) in 5057.2s
[2026-04-22T00:18:06+08:00] Completed L09_p01_chunk015 (50/448) in 5059.9s
[2026-04-22T00:18:07+08:00] Completed L09_p02_chunk031 (51/448) in 5061.3s
[2026-04-22T00:18:10+08:00] Completed L09_p00_chunk017 (52/448) in 5064.3s
[2026-04-22T00:18:11+08:00] Completed L09_p02_chunk029 (53/448) in 5065.0s
[2026-04-22T00:18:13+08:00] Completed L09_p02_chunk012 (54/448) in 5067.5s
[2026-04-22T00:18:14+08:00] Completed L09_p00_chunk019 (55/448) in 5068.0s
[2026-04-22T00:18:14+08:00] Completed L09_p02_chunk010 (56/448) in 5068.5s
[2026-04-22T00:18:15+08:00] Completed L09_p01_chunk027 (57/448) in 5069.0s
[2026-04-22T00:18:15+08:00] Completed L09_p00_chunk006 (58/448) in 5069.5s
[2026-04-22T00:18:18+08:00] Completed L09_p01_chunk019 (59/448) in 5072.5s
[2026-04-22T00:18:19+08:00] Completed L09_p00_chunk020 (60/448) in 5073.7s
[2026-04-22T00:18:20+08:00] Completed L09_p01_chunk013 (61/448) in 5074.2s
[2026-04-22T00:18:20+08:00] Completed L09_p01_chunk008 (62/448) in 5074.4s
[2026-04-22T00:18:25+08:00] Completed L09_p02_chunk005 (63/448) in 5079.1s
[2026-04-22T00:18:27+08:00] Completed L09_p02_chunk022 (64/448) in 5081.4s
[2026-04-22T00:18:27+08:00] Completed L09_p02_chunk007 (65/448) in 5081.5s
[2026-04-22T00:18:28+08:00] Completed L09_p00_chunk030 (66/448) in 5082.2s
[2026-04-22T00:18:28+08:00] Completed L09_p01_chunk016 (67/448) in 5082.7s
[2026-04-22T00:18:30+08:00] Completed L09_p02_chunk030 (68/448) in 5083.9s
[2026-04-22T00:18:33+08:00] Completed L09_p02_chunk009 (69/448) in 5087.6s
[2026-04-22T00:18:33+08:00] Completed L09_p02_chunk006 (70/448) in 5087.7s
[2026-04-22T00:18:38+08:00] Completed L09_p00_chunk027 (71/448) in 5092.2s
[2026-04-22T00:18:40+08:00] Completed L09_p02_chunk021 (72/448) in 5094.3s
[2026-04-22T00:18:41+08:00] Completed L09_p02_chunk018 (73/448) in 5095.6s
[2026-04-22T00:18:45+08:00] Completed L09_p01_chunk007 (74/448) in 5099.0s
[2026-04-22T00:18:47+08:00] Completed L09_p00_chunk018 (75/448) in 5101.6s
[2026-04-22T00:18:49+08:00] Completed L09_p00_chunk002 (76/448) in 5103.6s
[2026-04-22T00:18:52+08:00] Completed L09_p01_chunk017 (77/448) in 5105.9s
[2026-04-22T00:18:55+08:00] Completed L09_p00_chunk011 (78/448) in 5109.5s
[2026-04-22T00:18:59+08:00] Completed L09_p02_chunk026 (79/448) in 5113.5s
[2026-04-22T00:19:00+08:00] Completed L09_p01_chunk010 (80/448) in 5114.3s
[2026-04-22T00:19:01+08:00] Completed L09_p02_chunk025 (81/448) in 5115.2s
[2026-04-22T00:19:01+08:00] Completed L09_p00_chunk023 (82/448) in 5115.6s
[2026-04-22T00:19:05+08:00] Completed L09_p01_chunk026 (83/448) in 5118.8s
[2026-04-22T00:19:07+08:00] Completed L09_p01_chunk005 (84/448) in 5121.3s
[2026-04-22T00:19:10+08:00] Completed L09_p02_chunk020 (85/448) in 5124.3s
[2026-04-22T00:19:10+08:00] Completed L09_p01_chunk014 (86/448) in 5124.6s
[2026-04-22T00:19:11+08:00] Completed L09_p01_chunk024 (87/448) in 5125.7s
[2026-04-22T00:19:13+08:00] Completed L09_p02_chunk027 (88/448) in 5126.9s
[2026-04-22T00:19:14+08:00] Completed L09_p00_chunk004 (89/448) in 5127.9s
[2026-04-22T00:19:18+08:00] Completed L09_p01_chunk031 (90/448) in 5132.5s
[2026-04-22T00:19:25+08:00] Completed L09_p02_chunk008 (91/448) in 5139.4s
[2026-04-22T00:19:26+08:00] Completed L09_p01_chunk028 (92/448) in 5140.2s
[2026-04-22T00:19:30+08:00] Completed L09_p02_chunk011 (93/448) in 5144.3s
[2026-04-22T00:19:32+08:00] Completed L09_p00_chunk015 (94/448) in 5146.0s
[2026-04-22T00:19:32+08:00] Completed L09_p01_chunk006 (95/448) in 5146.1s
[2026-04-22T00:20:06+08:00] Completed L09_p02_chunk000 (96/448) in 5180.0s
[2026-04-22T01:29:22+08:00] Completed L09_p03_chunk001 (97/448) in 4609.0s
[2026-04-22T01:29:47+08:00] Completed L09_p03_chunk000 (98/448) in 4644.1s
[2026-04-22T01:30:21+08:00] Completed L09_p03_chunk003 (99/448) in 4665.0s
[2026-04-22T01:30:28+08:00] Completed L09_p03_chunk007 (100/448) in 4640.3s
[2026-04-22T01:30:49+08:00] Completed L09_p03_chunk002 (101/448) in 4696.0s
[2026-04-22T01:30:55+08:00] Completed L09_p03_chunk012 (102/448) in 4653.9s
[2026-04-22T01:31:07+08:00] Completed L09_p03_chunk011 (103/448) in 4667.5s
[2026-04-22T01:31:24+08:00] Completed L09_p03_chunk018 (104/448) in 4638.6s
[2026-04-22T01:31:43+08:00] Completed L09_p03_chunk022 (105/448) in 4646.8s
[2026-04-22T01:31:54+08:00] Completed L09_p03_chunk009 (106/448) in 4720.6s
[2026-04-22T01:32:03+08:00] Completed L09_p03_chunk016 (107/448) in 4681.2s
[2026-04-22T01:32:11+08:00] Completed L09_p03_chunk020 (108/448) in 4680.3s
[2026-04-22T01:32:13+08:00] Completed L09_p03_chunk017 (109/448) in 4691.6s
[2026-04-22T01:32:33+08:00] Completed L09_p03_chunk021 (110/448) in 4700.8s
[2026-04-22T01:32:42+08:00] Completed L09_p03_chunk013 (111/448) in 4745.4s
[2026-04-22T01:33:14+08:00] Completed L09_p03_chunk024 (112/448) in 4707.4s
[2026-04-22T01:34:22+08:00] Completed L09_p03_chunk027 (113/448) in 4737.7s
[2026-04-22T01:35:35+08:00] Completed L09_p03_chunk004 (114/448) in 4961.3s
[2026-04-22T01:35:54+08:00] Completed L09_p03_chunk008 (115/448) in 4963.4s
[2026-04-22T01:35:56+08:00] Completed L09_p03_chunk015 (116/448) in 4915.8s
[2026-04-22T01:36:00+08:00] Completed L09_p03_chunk010 (117/448) in 4961.8s
[2026-04-22T01:36:13+08:00] Completed L09_p03_chunk019 (118/448) in 4922.5s
[2026-04-22T01:37:02+08:00] Completed L09_p03_chunk026 (119/448) in 4897.6s
[2026-04-22T01:37:08+08:00] Completed L09_p03_chunk005 (120/448) in 5046.8s
[2026-04-22T01:37:17+08:00] Completed L09_p03_chunk029 (121/448) in 4902.1s
[2026-04-22T01:37:52+08:00] Completed L09_p03_chunk006 (122/448) in 5087.6s
[2026-04-22T01:38:29+08:00] Completed L09_p04_chunk021 (123/448) in 4815.3s
[2026-04-22T01:40:16+08:00] Completed L09_p04_chunk002 (124/448) in 5036.2s
[2026-04-22T01:40:22+08:00] Completed L09_p03_chunk030 (125/448) in 5067.6s
[2026-04-22T01:40:32+08:00] Completed L09_p03_chunk028 (126/448) in 5103.1s
[2026-04-22T01:40:47+08:00] Completed L09_p04_chunk001 (127/448) in 5067.5s
[2026-04-22T01:40:51+08:00] Completed L09_p04_chunk022 (128/448) in 4957.5s
[2026-04-22T01:40:54+08:00] Completed L09_p04_chunk029 (129/448) in 4954.3s
[2026-04-22T01:40:54+08:00] Completed L09_p05_chunk011 (130/448) in 4925.2s
[2026-04-22T01:40:55+08:00] Completed L09_p05_chunk000 (131/448) in 4947.4s
[2026-04-22T01:41:00+08:00] Completed L09_p05_chunk001 (132/448) in 4951.9s
[2026-04-22T01:41:03+08:00] Completed L09_p03_chunk025 (133/448) in 5152.1s
[2026-04-22T01:41:16+08:00] Completed L09_p04_chunk000 (134/448) in 5114.1s
[2026-04-22T01:41:22+08:00] Completed L09_p03_chunk031 (135/448) in 5126.1s
[2026-04-22T01:41:37+08:00] Completed L09_p05_chunk024 (136/448) in 4943.8s
[2026-04-22T01:41:41+08:00] Completed L09_p04_chunk004 (137/448) in 5113.1s
[2026-04-22T01:41:47+08:00] Completed L09_p04_chunk003 (138/448) in 5120.4s
[2026-04-22T01:41:55+08:00] Completed L09_p04_chunk015 (139/448) in 5033.0s
[2026-04-22T01:42:00+08:00] Completed L09_p04_chunk005 (140/448) in 5095.9s
[2026-04-22T01:42:16+08:00] Completed L09_p04_chunk010 (141/448) in 5067.1s
[2026-04-22T01:42:28+08:00] Completed L09_p04_chunk007 (142/448) in 5098.5s
[2026-04-22T01:42:29+08:00] Completed L09_p03_chunk014 (143/448) in 5329.8s
[2026-04-22T01:42:32+08:00] Completed L09_p04_chunk011 (144/448) in 5082.7s
[2026-04-22T01:42:36+08:00] Completed L09_p04_chunk008 (145/448) in 5096.3s
[2026-04-22T01:42:49+08:00] Completed L09_p04_chunk023 (146/448) in 5075.2s
[2026-04-22T01:42:59+08:00] Completed L09_p04_chunk009 (147/448) in 5118.1s
[2026-04-22T01:43:02+08:00] Completed L09_p04_chunk031 (148/448) in 5074.4s
[2026-04-22T01:43:23+08:00] Completed L09_p04_chunk024 (149/448) in 5108.6s
[2026-04-22T01:43:25+08:00] Completed L09_p04_chunk012 (150/448) in 5130.3s
[2026-04-22T01:43:29+08:00] Completed L09_p04_chunk019 (151/448) in 5119.0s
[2026-04-22T01:43:29+08:00] Completed L09_p04_chunk018 (152/448) in 5122.1s
[2026-04-22T01:43:31+08:00] Completed L09_p04_chunk025 (153/448) in 5115.6s
[2026-04-22T01:43:38+08:00] Completed L09_p04_chunk014 (154/448) in 5139.0s
[2026-04-22T01:43:38+08:00] Completed L09_p04_chunk020 (155/448) in 5127.0s
[2026-04-22T01:43:38+08:00] Completed L09_p04_chunk026 (156/448) in 5119.9s
[2026-04-22T01:43:39+08:00] Completed L09_p04_chunk006 (157/448) in 5179.2s
[2026-04-22T01:43:42+08:00] Completed L09_p04_chunk028 (158/448) in 5121.9s
[2026-04-22T01:43:44+08:00] Completed L09_p03_chunk023 (159/448) in 5357.0s
[2026-04-22T01:43:47+08:00] Completed L09_p04_chunk013 (160/448) in 5151.5s
[2026-04-22T01:43:54+08:00] Completed L09_p05_chunk028 (161/448) in 5063.6s
[2026-04-22T01:43:59+08:00] Completed L09_p05_chunk005 (162/448) in 5125.5s
[2026-04-22T01:44:01+08:00] Completed L09_p05_chunk013 (163/448) in 5106.2s
[2026-04-22T01:44:10+08:00] Completed L09_p05_chunk002 (164/448) in 5141.7s
[2026-04-22T01:44:11+08:00] Completed L09_p04_chunk017 (165/448) in 5165.3s
[2026-04-22T01:44:13+08:00] Completed L09_p04_chunk027 (166/448) in 5154.1s
[2026-04-22T01:44:17+08:00] Completed L09_p05_chunk017 (167/448) in 5115.8s
[2026-04-22T01:44:18+08:00] Completed L09_p05_chunk023 (168/448) in 5104.9s
[2026-04-22T01:44:23+08:00] Completed L09_p04_chunk030 (169/448) in 5158.2s
[2026-04-22T01:44:28+08:00] Completed L09_p05_chunk016 (170/448) in 5126.7s
[2026-04-22T01:44:34+08:00] Completed L09_p05_chunk006 (171/448) in 5156.5s
[2026-04-22T01:44:35+08:00] Completed L09_p05_chunk027 (172/448) in 5109.1s
[2026-04-22T01:44:35+08:00] Completed L09_p05_chunk004 (173/448) in 5162.2s
[2026-04-22T01:44:40+08:00] Completed L09_p05_chunk015 (174/448) in 5139.6s
[2026-04-22T01:44:45+08:00] Completed L09_p05_chunk010 (175/448) in 5157.3s
[2026-04-22T01:44:48+08:00] Completed L09_p05_chunk014 (176/448) in 5149.2s
[2026-04-22T01:44:53+08:00] Completed L09_p05_chunk012 (177/448) in 5161.9s
[2026-04-22T01:44:57+08:00] Completed L09_p05_chunk007 (178/448) in 5177.2s
[2026-04-22T01:45:01+08:00] Completed L09_p05_chunk009 (179/448) in 5176.1s
[2026-04-22T01:45:10+08:00] Completed L09_p05_chunk021 (180/448) in 5159.6s
[2026-04-22T01:45:26+08:00] Completed L09_p05_chunk019 (181/448) in 5178.8s
[2026-04-22T01:45:26+08:00] Completed L09_p05_chunk029 (182/448) in 5154.4s
[2026-04-22T01:45:38+08:00] Completed L09_p05_chunk020 (183/448) in 5187.4s
[2026-04-22T01:45:49+08:00] Completed L09_p05_chunk025 (184/448) in 5190.8s
[2026-04-22T01:45:52+08:00] Completed L09_p05_chunk031 (185/448) in 5145.9s
[2026-04-22T01:46:11+08:00] Completed L09_p05_chunk018 (186/448) in 5226.0s
[2026-04-22T01:46:11+08:00] Completed L09_p05_chunk026 (187/448) in 5206.2s
[2026-04-22T01:46:28+08:00] Completed L09_p05_chunk022 (188/448) in 5237.0s
[2026-04-22T01:46:52+08:00] Completed L09_p04_chunk016 (189/448) in 5328.9s
[2026-04-22T01:48:00+08:00] Completed L09_p05_chunk003 (190/448) in 5369.9s
[2026-04-22T01:48:16+08:00] Completed L09_p05_chunk008 (191/448) in 5375.1s
[2026-04-22T01:48:47+08:00] Completed L09_p05_chunk030 (192/448) in 5355.5s
[2026-04-22T02:48:29+08:00] Completed L09_p06_chunk004 (193/448) in 4660.1s
[2026-04-22T02:53:30+08:00] Completed L09_p06_chunk016 (194/448) in 4747.6s
[2026-04-22T02:54:16+08:00] Completed L09_p06_chunk021 (195/448) in 4683.9s
[2026-04-22T02:54:34+08:00] Completed L09_p06_chunk000 (196/448) in 5112.7s
[2026-04-22T02:54:49+08:00] Completed L09_p06_chunk001 (197/448) in 5102.4s
[2026-04-22T02:54:59+08:00] Completed L09_p06_chunk020 (198/448) in 4739.6s
[2026-04-22T02:55:19+08:00] Completed L09_p06_chunk022 (199/448) in 4697.5s
[2026-04-22T02:55:29+08:00] Completed L09_p06_chunk002 (200/448) in 5108.1s
[2026-04-22T02:55:45+08:00] Completed L09_p06_chunk006 (201/448) in 5077.5s
[2026-04-22T02:56:00+08:00] Completed L09_p06_chunk019 (202/448) in 4804.1s
[2026-04-22T02:56:01+08:00] Completed L09_p06_chunk023 (203/448) in 4732.2s
[2026-04-22T02:56:09+08:00] Completed L09_p06_chunk009 (204/448) in 5055.4s
[2026-04-22T02:56:14+08:00] Completed L09_p06_chunk005 (205/448) in 5119.7s
[2026-04-22T02:56:24+08:00] Completed L09_p06_chunk007 (206/448) in 5100.7s
[2026-04-22T02:56:39+08:00] Completed L09_p06_chunk003 (207/448) in 5171.5s
[2026-04-22T02:56:48+08:00] Completed L09_p06_chunk008 (208/448) in 5105.7s
[2026-04-22T02:57:10+08:00] Completed L09_p06_chunk014 (209/448) in 5067.6s
[2026-04-22T02:57:12+08:00] Completed L09_p06_chunk011 (210/448) in 5101.0s
[2026-04-22T02:57:31+08:00] Completed L09_p06_chunk012 (211/448) in 5117.7s
[2026-04-22T02:57:40+08:00] Completed L09_p06_chunk013 (212/448) in 5107.8s
[2026-04-22T02:57:46+08:00] Completed L09_p06_chunk010 (213/448) in 5143.1s
[2026-04-22T02:58:00+08:00] Completed L09_p06_chunk026 (214/448) in 4771.2s
[2026-04-22T02:58:27+08:00] Completed L09_p06_chunk015 (215/448) in 5112.1s
[2026-04-22T03:01:54+08:00] Completed L09_p06_chunk018 (216/448) in 5160.3s
[2026-04-22T03:02:47+08:00] Completed L09_p06_chunk025 (217/448) in 5094.6s
[2026-04-22T03:03:40+08:00] Completed L09_p06_chunk024 (218/448) in 5183.0s
[2026-04-22T03:03:48+08:00] Completed L09_p06_chunk017 (219/448) in 5293.6s
[2026-04-22T03:04:41+08:00] Completed L09_p06_chunk028 (220/448) in 5059.1s
[2026-04-22T03:05:05+08:00] Completed L09_p06_chunk029 (221/448) in 5073.1s
[2026-04-22T03:05:09+08:00] Completed L09_p06_chunk027 (222/448) in 5092.9s
[2026-04-22T03:05:21+08:00] Completed L09_p06_chunk030 (223/448) in 5074.5s
[2026-04-22T03:06:17+08:00] Completed L09_p06_chunk031 (224/448) in 5126.3s
[2026-04-22T04:16:24+08:00] Completed L11_p00_chunk002 (225/448) in 9329.4s
[2026-04-22T04:17:12+08:00] Completed L11_p00_chunk007 (226/448) in 9334.8s
[2026-04-22T04:17:35+08:00] Completed L11_p00_chunk004 (227/448) in 9392.5s
[2026-04-22T04:19:22+08:00] Completed L11_p00_chunk017 (228/448) in 9392.4s
[2026-04-22T04:20:07+08:00] Completed L11_p00_chunk015 (229/448) in 9454.6s
[2026-04-22T04:20:21+08:00] Completed L11_p00_chunk022 (230/448) in 9411.9s
[2026-04-22T04:21:36+08:00] Completed L11_p00_chunk006 (231/448) in 9613.7s
[2026-04-22T04:21:50+08:00] Completed L11_p01_chunk010 (232/448) in 9436.2s
[2026-04-22T04:23:10+08:00] Completed L11_p00_chunk012 (233/448) in 9653.6s
[2026-04-22T04:25:03+08:00] Completed L11_p01_chunk014 (234/448) in 9618.6s
[2026-04-22T04:26:07+08:00] Completed L11_p01_chunk009 (235/448) in 9699.3s
[2026-04-22T04:26:33+08:00] Completed L11_p00_chunk000 (236/448) in 9938.9s
[2026-04-22T04:28:13+08:00] Completed L11_p00_chunk001 (237/448) in 10038.3s
[2026-04-22T04:28:19+08:00] Completed L11_p00_chunk005 (238/448) in 10022.9s
[2026-04-22T04:28:29+08:00] Completed L11_p00_chunk009 (239/448) in 10002.2s
[2026-04-22T04:28:48+08:00] Completed L11_p00_chunk003 (240/448) in 10067.8s
[2026-04-22T04:29:33+08:00] Completed L11_p00_chunk008 (241/448) in 10071.9s
[2026-04-22T04:29:49+08:00] Completed L11_p00_chunk020 (242/448) in 9985.5s
[2026-04-22T04:30:10+08:00] Completed L11_p01_chunk001 (243/448) in 9971.2s
[2026-04-22T04:30:10+08:00] Completed L11_p00_chunk023 (244/448) in 10000.8s
[2026-04-22T04:30:16+08:00] Completed L11_p00_chunk026 (245/448) in 9998.3s
[2026-04-22T04:30:16+08:00] Completed L11_p00_chunk025 (246/448) in 9998.7s
[2026-04-22T04:30:19+08:00] Completed L11_p00_chunk024 (247/448) in 10008.7s
[2026-04-22T04:30:24+08:00] Completed L11_p00_chunk029 (248/448) in 10002.6s
[2026-04-22T04:30:26+08:00] Completed L11_p00_chunk027 (249/448) in 10007.6s
[2026-04-22T04:30:27+08:00] Completed L11_p00_chunk013 (250/448) in 10079.7s
[2026-04-22T04:30:38+08:00] Completed L11_p00_chunk031 (251/448) in 10010.7s
[2026-04-22T04:30:44+08:00] Completed L11_p01_chunk008 (252/448) in 9981.4s
[2026-04-22T04:30:45+08:00] Completed L11_p00_chunk019 (253/448) in 10063.7s
[2026-04-22T04:31:02+08:00] Completed L11_p00_chunk021 (254/448) in 10057.5s
[2026-04-22T04:31:16+08:00] Completed L11_p00_chunk028 (255/448) in 10056.7s
[2026-04-22T04:31:20+08:00] Completed L11_p00_chunk016 (256/448) in 10123.2s
[2026-04-22T04:31:23+08:00] Completed L11_p01_chunk006 (257/448) in 10026.1s
[2026-04-22T04:31:26+08:00] Completed L11_p01_chunk003 (258/448) in 10036.0s
[2026-04-22T04:31:27+08:00] Completed L11_p00_chunk011 (259/448) in 10166.3s
[2026-04-22T04:31:28+08:00] Completed L11_p00_chunk018 (260/448) in 10109.3s
[2026-04-22T04:31:33+08:00] Completed L11_p01_chunk007 (261/448) in 10035.2s
[2026-04-22T04:31:34+08:00] Completed L11_p01_chunk013 (262/448) in 10014.4s
[2026-04-22T04:31:45+08:00] Completed L11_p01_chunk000 (263/448) in 10071.6s
[2026-04-22T04:31:46+08:00] Completed L11_p01_chunk002 (264/448) in 10064.7s
[2026-04-22T04:31:54+08:00] Completed L11_p01_chunk015 (265/448) in 10025.8s
[2026-04-22T04:31:56+08:00] Completed L11_p01_chunk005 (266/448) in 10062.7s
[2026-04-22T04:32:04+08:00] Completed L11_p01_chunk019 (267/448) in 10014.6s
[2026-04-22T04:32:14+08:00] Completed L11_p01_chunk017 (268/448) in 10036.3s
[2026-04-22T04:32:19+08:00] Completed L11_p01_chunk018 (269/448) in 10038.7s
[2026-04-22T04:32:23+08:00] Completed L11_p01_chunk016 (270/448) in 10049.5s
[2026-04-22T04:32:24+08:00] Completed L11_p01_chunk024 (271/448) in 9992.5s
[2026-04-22T04:32:33+08:00] Completed L11_p01_chunk012 (272/448) in 10077.3s
[2026-04-22T04:32:37+08:00] Completed L11_p01_chunk025 (273/448) in 9986.2s
[2026-04-22T04:32:47+08:00] Completed L11_p01_chunk022 (274/448) in 10029.3s
[2026-04-22T04:32:59+08:00] Completed L11_p01_chunk021 (275/448) in 10053.3s
[2026-04-22T04:33:05+08:00] Completed L11_p01_chunk023 (276/448) in 10036.2s
[2026-04-22T04:33:45+08:00] Completed L11_p01_chunk026 (277/448) in 10053.8s
[2026-04-22T04:34:01+08:00] Completed L11_p00_chunk014 (278/448) in 10292.3s
[2026-04-22T04:35:04+08:00] Completed L11_p01_chunk011 (279/448) in 10229.3s
[2026-04-22T04:35:06+08:00] Completed L11_p00_chunk010 (280/448) in 10391.4s
[2026-04-22T04:35:11+08:00] Completed L11_p01_chunk020 (281/448) in 10185.4s
[2026-04-22T04:35:34+08:00] Completed L11_p01_chunk027 (282/448) in 10145.2s
[2026-04-22T04:38:39+08:00] Completed L11_p01_chunk004 (283/448) in 10467.8s
[2026-04-22T04:38:55+08:00] Completed L11_p00_chunk030 (284/448) in 10511.6s
[2026-04-22T04:40:02+08:00] Completed L11_p01_chunk028 (285/448) in 10390.0s
[2026-04-22T04:42:10+08:00] Completed L11_p01_chunk030 (286/448) in 10433.4s
[2026-04-22T04:44:15+08:00] Completed L11_p01_chunk031 (287/448) in 10527.9s
[2026-04-22T04:45:15+08:00] Completed L11_p01_chunk029 (288/448) in 10635.6s
[2026-04-22T05:28:24+08:00] Completed L11_p02_chunk002 (289/448) in 9247.4s
[2026-04-22T05:30:14+08:00] Completed L11_p02_chunk005 (290/448) in 9314.7s
[2026-04-22T05:30:44+08:00] Completed L11_p02_chunk009 (291/448) in 9284.2s
[2026-04-22T05:31:08+08:00] Completed L11_p02_chunk006 (292/448) in 9348.5s
[2026-04-22T05:31:21+08:00] Completed L11_p02_chunk016 (293/448) in 9251.6s
[2026-04-22T05:32:28+08:00] Completed L11_p02_chunk021 (294/448) in 9268.0s
[2026-04-22T05:34:06+08:00] Completed L11_p02_chunk000 (295/448) in 9936.5s
[2026-04-22T05:36:07+08:00] Completed L11_p02_chunk022 (296/448) in 9460.6s
[2026-04-22T05:38:31+08:00] Completed L11_p02_chunk001 (297/448) in 9901.3s
[2026-04-22T05:38:43+08:00] Completed L11_p02_chunk015 (298/448) in 9714.8s
[2026-04-22T05:39:06+08:00] Completed L11_p02_chunk007 (299/448) in 9817.1s
[2026-04-22T05:39:44+08:00] Completed L11_p02_chunk014 (300/448) in 9785.1s
[2026-04-22T05:39:46+08:00] Completed L11_p02_chunk012 (301/448) in 9811.5s
[2026-04-22T05:39:56+08:00] Completed L11_p02_chunk004 (302/448) in 9907.4s
[2026-04-22T05:40:35+08:00] Completed L11_p02_chunk010 (303/448) in 9874.6s
[2026-04-22T05:40:42+08:00] Completed L11_p02_chunk003 (304/448) in 9967.2s
[2026-04-22T05:41:02+08:00] Completed L11_p02_chunk017 (305/448) in 9829.7s
[2026-04-22T05:41:15+08:00] Completed L11_p02_chunk011 (306/448) in 9906.3s
[2026-04-22T05:41:20+08:00] Completed L11_p02_chunk008 (307/448) in 9935.2s
[2026-04-22T05:41:22+08:00] Completed L11_p02_chunk013 (308/448) in 9897.6s
[2026-04-22T05:41:48+08:00] Completed L11_p02_chunk020 (309/448) in 9842.4s
[2026-04-22T05:42:20+08:00] Completed L11_p02_chunk018 (310/448) in 9889.2s
[2026-04-22T05:42:44+08:00] Completed L11_p02_chunk019 (311/448) in 9903.7s
[2026-04-22T05:44:56+08:00] Completed L11_p02_chunk028 (312/448) in 9591.2s
[2026-04-22T05:45:03+08:00] Completed L11_p02_chunk024 (313/448) in 9736.5s
[2026-04-22T05:45:20+08:00] Completed L11_p02_chunk025 (314/448) in 9700.1s
[2026-04-22T05:45:39+08:00] Completed L11_p02_chunk023 (315/448) in 9824.7s
[2026-04-22T05:45:58+08:00] Completed L11_p02_chunk029 (316/448) in 9648.5s
[2026-04-22T05:46:23+08:00] Completed L11_p02_chunk030 (317/448) in 9661.8s
[2026-04-22T05:47:02+08:00] Completed L11_p02_chunk027 (318/448) in 9740.7s
[2026-04-22T05:47:03+08:00] Completed L11_p02_chunk031 (319/448) in 9645.9s
[2026-04-22T05:50:10+08:00] Completed L11_p02_chunk026 (320/448) in 9981.9s
[2026-04-22T06:19:06+08:00] Completed L11_p03_chunk000 (321/448) in 7361.9s
[2026-04-22T06:21:08+08:00] Completed L11_p03_chunk006 (322/448) in 7172.3s
[2026-04-22T06:21:27+08:00] Completed L11_p03_chunk002 (323/448) in 7432.0s
[2026-04-22T06:23:02+08:00] Completed L11_p03_chunk003 (324/448) in 7420.2s
[2026-04-22T06:23:04+08:00] Completed L11_p03_chunk001 (325/448) in 7552.4s
[2026-04-22T06:23:29+08:00] Completed L11_p03_chunk009 (326/448) in 7105.6s
[2026-04-22T06:23:37+08:00] Completed L11_p03_chunk004 (327/448) in 7410.0s
[2026-04-22T06:24:39+08:00] Completed L11_p03_chunk008 (328/448) in 7288.9s
[2026-04-22T06:24:47+08:00] Completed L11_p03_chunk005 (329/448) in 7466.5s
[2026-04-22T06:25:45+08:00] Completed L11_p03_chunk028 (330/448) in 6900.0s
[2026-04-22T06:25:58+08:00] Completed L11_p03_chunk020 (331/448) in 6941.8s
[2026-04-22T06:26:05+08:00] Completed L11_p04_chunk019 (332/448) in 6780.1s
[2026-04-22T06:26:06+08:00] Completed L11_p03_chunk029 (333/448) in 6903.7s
[2026-04-22T06:26:56+08:00] Completed L11_p04_chunk017 (334/448) in 6849.6s
[2026-04-22T06:26:59+08:00] Completed L11_p03_chunk012 (335/448) in 7126.6s
[2026-04-22T06:27:37+08:00] Completed L11_p03_chunk010 (336/448) in 7289.8s
[2026-04-22T06:27:45+08:00] Completed L11_p03_chunk011 (337/448) in 7272.0s
[2026-04-22T06:28:08+08:00] Completed L11_p03_chunk027 (338/448) in 7043.8s
[2026-04-22T06:28:19+08:00] Completed L11_p03_chunk014 (339/448) in 7189.9s
[2026-04-22T06:28:38+08:00] Completed L11_p03_chunk018 (340/448) in 7108.0s
[2026-04-22T06:28:45+08:00] Completed L11_p03_chunk022 (341/448) in 7105.9s
[2026-04-22T06:28:48+08:00] Completed L11_p04_chunk012 (342/448) in 6988.3s
[2026-04-22T06:28:49+08:00] Completed L11_p04_chunk014 (343/448) in 6985.0s
[2026-04-22T06:28:53+08:00] Completed L11_p03_chunk016 (344/448) in 7159.8s
[2026-04-22T06:28:53+08:00] Completed L11_p03_chunk015 (345/448) in 7206.0s
[2026-04-22T06:29:02+08:00] Completed L11_p04_chunk015 (346/448) in 6989.1s
[2026-04-22T06:29:17+08:00] Completed L11_p03_chunk007 (347/448) in 7646.2s
[2026-04-22T06:29:19+08:00] Completed L11_p03_chunk031 (348/448) in 7079.2s
[2026-04-22T06:29:29+08:00] Completed L11_p04_chunk006 (349/448) in 7063.8s
[2026-04-22T06:29:31+08:00] Completed L11_p03_chunk017 (350/448) in 7182.8s
[2026-04-22T06:29:32+08:00] Completed L11_p04_chunk022 (351/448) in 6867.9s
[2026-04-22T06:29:34+08:00] Completed L11_p03_chunk026 (352/448) in 7136.9s
[2026-04-22T06:29:35+08:00] Completed L11_p03_chunk023 (353/448) in 7151.2s
[2026-04-22T06:29:42+08:00] Completed L11_p03_chunk019 (354/448) in 7172.0s
[2026-04-22T06:29:46+08:00] Completed L11_p04_chunk024 (355/448) in 6874.8s
[2026-04-22T06:29:47+08:00] Completed L11_p03_chunk025 (356/448) in 7159.4s
[2026-04-22T06:29:50+08:00] Completed L11_p04_chunk013 (357/448) in 7046.6s
[2026-04-22T06:29:51+08:00] Completed L11_p04_chunk001 (358/448) in 7105.2s
[2026-04-22T06:29:52+08:00] Completed L11_p04_chunk010 (359/448) in 7068.0s
[2026-04-22T06:29:53+08:00] Completed L11_p03_chunk024 (360/448) in 7167.2s
[2026-04-22T06:29:55+08:00] Completed L11_p04_chunk003 (361/448) in 7106.5s
[2026-04-22T06:30:02+08:00] Completed L11_p04_chunk004 (362/448) in 7109.5s
[2026-04-22T06:30:14+08:00] Completed L11_p04_chunk009 (363/448) in 7098.2s
[2026-04-22T06:30:37+08:00] Completed L11_p04_chunk007 (364/448) in 7131.2s
[2026-04-22T06:30:45+08:00] Completed L11_p04_chunk020 (365/448) in 7020.1s
[2026-04-22T06:30:47+08:00] Completed L11_p04_chunk002 (366/448) in 7160.5s
[2026-04-22T06:30:54+08:00] Completed L11_p04_chunk008 (367/448) in 7139.7s
[2026-04-22T06:31:02+08:00] Completed L11_p04_chunk016 (368/448) in 7105.2s
[2026-04-22T06:31:07+08:00] Completed L11_p04_chunk011 (369/448) in 7133.4s
[2026-04-22T06:31:13+08:00] Completed L11_p04_chunk000 (370/448) in 7189.4s
[2026-04-22T06:31:40+08:00] Completed L11_p03_chunk030 (371/448) in 7224.0s
[2026-04-22T06:32:21+08:00] Completed L11_p04_chunk005 (372/448) in 7246.8s
[2026-04-22T06:32:44+08:00] Completed L11_p04_chunk018 (373/448) in 7184.4s
[2026-04-22T06:33:09+08:00] Completed L11_p03_chunk021 (374/448) in 7373.2s
[2026-04-22T06:33:46+08:00] Completed L11_p04_chunk023 (375/448) in 7119.9s
[2026-04-22T06:34:34+08:00] Completed L11_p04_chunk021 (376/448) in 7232.6s
[2026-04-22T06:35:36+08:00] Completed L11_p04_chunk026 (377/448) in 7017.2s
[2026-04-22T06:37:31+08:00] Completed L11_p04_chunk025 (378/448) in 7317.6s
[2026-04-22T06:37:45+08:00] Completed L11_p04_chunk029 (379/448) in 6934.7s
[2026-04-22T06:37:46+08:00] Completed L11_p03_chunk013 (380/448) in 7766.9s
[2026-04-22T06:38:52+08:00] Completed L11_p04_chunk028 (381/448) in 7130.6s
[2026-04-22T06:39:00+08:00] Completed L11_p04_chunk027 (382/448) in 7205.1s
[2026-04-22T06:39:39+08:00] Completed L11_p04_chunk031 (383/448) in 6863.9s
[2026-04-22T06:41:33+08:00] Completed L11_p04_chunk030 (384/448) in 7037.9s
[2026-04-22T06:59:30+08:00] Completed L11_p05_chunk004 (385/448) in 5289.1s
[2026-04-22T06:59:32+08:00] Completed L11_p05_chunk005 (386/448) in 5224.2s
[2026-04-22T06:59:54+08:00] Completed L11_p05_chunk001 (387/448) in 5380.1s
[2026-04-22T07:02:18+08:00] Completed L11_p05_chunk002 (388/448) in 5494.3s
[2026-04-22T07:03:00+08:00] Completed L11_p05_chunk000 (389/448) in 5676.1s
[2026-04-22T07:03:58+08:00] Completed L11_p05_chunk009 (390/448) in 5114.5s
[2026-04-22T07:04:02+08:00] Completed L11_p05_chunk003 (391/448) in 5574.0s
[2026-04-22T07:04:38+08:00] Completed L11_p05_chunk012 (392/448) in 5091.8s
[2026-04-22T07:04:55+08:00] Completed L11_p05_chunk010 (393/448) in 5148.6s
[2026-04-22T07:07:55+08:00] Completed L11_p05_chunk011 (394/448) in 5291.0s
[2026-04-22T07:08:52+08:00] Completed L11_p05_chunk008 (395/448) in 5420.8s
[2026-04-22T07:08:58+08:00] Completed L11_p05_chunk022 (396/448) in 5174.4s
[2026-04-22T07:08:59+08:00] Completed L11_p05_chunk025 (397/448) in 5019.8s
[2026-04-22T07:09:13+08:00] Completed L11_p05_chunk015 (398/448) in 5311.8s
[2026-04-22T07:09:39+08:00] Completed L11_p05_chunk014 (399/448) in 5343.5s
[2026-04-22T07:09:59+08:00] Completed L11_p05_chunk026 (400/448) in 5060.7s
[2026-04-22T07:10:26+08:00] Completed L11_p05_chunk018 (401/448) in 5346.2s
[2026-04-22T07:10:34+08:00] Completed L11_p05_chunk021 (402/448) in 5293.9s
[2026-04-22T07:10:52+08:00] Completed L11_p05_chunk019 (403/448) in 5369.9s
[2026-04-22T07:11:32+08:00] Completed L11_p05_chunk017 (404/448) in 5416.8s
[2026-04-22T07:12:03+08:00] Completed L11_p05_chunk016 (405/448) in 5460.5s
[2026-04-22T07:12:14+08:00] Completed L11_p05_chunk020 (406/448) in 5425.6s
[2026-04-22T07:12:31+08:00] Completed L11_p05_chunk029 (407/448) in 5129.1s
[2026-04-22T07:13:34+08:00] Completed L11_p05_chunk006 (408/448) in 5968.5s
[2026-04-22T07:14:28+08:00] Completed L11_p05_chunk024 (409/448) in 5364.4s
[2026-04-22T07:14:45+08:00] Completed L11_p05_chunk031 (410/448) in 5074.7s
[2026-04-22T07:16:15+08:00] Completed L11_p05_chunk028 (411/448) in 5391.8s
[2026-04-22T07:18:18+08:00] Completed L11_p05_chunk013 (412/448) in 5901.8s
[2026-04-22T07:19:14+08:00] Completed L11_p05_chunk007 (413/448) in 6187.0s
[2026-04-22T07:21:05+08:00] Completed L11_p05_chunk027 (414/448) in 5707.2s
[2026-04-22T07:22:02+08:00] Completed L11_p05_chunk023 (415/448) in 5825.5s
[2026-04-22T07:25:28+08:00] Completed L11_p05_chunk030 (416/448) in 5904.6s
[2026-04-22T07:51:43+08:00] Completed L11_p06_chunk001 (417/448) in 5435.6s
[2026-04-22T07:52:51+08:00] Completed L11_p06_chunk000 (418/448) in 5625.2s
[2026-04-22T07:53:02+08:00] Completed L11_p06_chunk005 (419/448) in 5373.0s
[2026-04-22T07:55:02+08:00] Completed L11_p06_chunk002 (420/448) in 5614.7s
[2026-04-22T07:55:46+08:00] Completed L11_p06_chunk008 (421/448) in 5458.6s
[2026-04-22T07:56:29+08:00] Completed L11_p06_chunk012 (422/448) in 5422.7s
[2026-04-22T07:57:24+08:00] Completed L11_p06_chunk011 (423/448) in 5478.9s
[2026-04-22T07:57:30+08:00] Completed L11_p06_chunk014 (424/448) in 5430.8s
[2026-04-22T07:58:00+08:00] Completed L11_p06_chunk003 (425/448) in 5698.0s
[2026-04-22T07:58:08+08:00] Completed L11_p06_chunk004 (426/448) in 5703.9s
[2026-04-22T07:58:38+08:00] Completed L11_p06_chunk017 (427/448) in 5430.1s
[2026-04-22T07:58:50+08:00] Completed L11_p06_chunk019 (428/448) in 5411.8s
[2026-04-22T07:58:55+08:00] Completed L11_p06_chunk007 (429/448) in 5655.5s
[2026-04-22T07:59:18+08:00] Completed L11_p06_chunk006 (430/448) in 5740.7s
[2026-04-22T07:59:41+08:00] Completed L11_p06_chunk018 (431/448) in 5481.6s
[2026-04-22T07:59:59+08:00] Completed L11_p06_chunk024 (432/448) in 5465.8s
[2026-04-22T08:00:03+08:00] Completed L11_p06_chunk027 (433/448) in 5444.3s
[2026-04-22T08:00:11+08:00] Completed L11_p06_chunk025 (434/448) in 5468.9s
[2026-04-22T08:00:14+08:00] Completed L11_p06_chunk020 (435/448) in 5489.2s
[2026-04-22T08:00:42+08:00] Completed L11_p06_chunk023 (436/448) in 5509.7s
[2026-04-22T08:00:46+08:00] Completed L11_p06_chunk028 (437/448) in 5477.1s
[2026-04-22T08:01:37+08:00] Completed L11_p06_chunk021 (438/448) in 5569.6s
[2026-04-22T08:02:03+08:00] Completed L11_p06_chunk010 (439/448) in 5765.5s
[2026-04-22T08:02:17+08:00] Completed L11_p06_chunk026 (440/448) in 5580.3s
[2026-04-22T08:03:24+08:00] Completed L11_p06_chunk013 (441/448) in 5787.3s
[2026-04-22T08:03:54+08:00] Completed L11_p06_chunk015 (442/448) in 5777.5s
[2026-04-22T08:05:07+08:00] Completed L11_p06_chunk022 (443/448) in 5777.9s
[2026-04-22T08:05:09+08:00] Completed L11_p06_chunk030 (444/448) in 5736.9s
[2026-04-22T08:05:29+08:00] Completed L11_p06_chunk029 (445/448) in 5757.4s
[2026-04-22T08:06:32+08:00] Completed L11_p06_chunk031 (446/448) in 5817.7s
[2026-04-22T08:07:21+08:00] Completed L11_p06_chunk016 (447/448) in 5975.3s
[2026-04-22T08:16:56+08:00] Completed L11_p06_chunk009 (448/448) in 6671.2s
[2026-04-22T08:16:57+08:00] Merging chunk outputs
[2026-04-22T08:16:58+08:00] Final NPZ: /home/DATA1/users/yuany/.single_shot/runs/q0_control_extension_20260421_225303/scan_result_multi_L_q0_control_extension.npz
[2026-04-22T08:16:58+08:00] Final PNG: /home/DATA1/users/yuany/.single_shot/runs/q0_control_extension_20260421_225303/scan_result_multi_L_q0_control_extension.png
[2026-04-22T08:16:58+08:00] Chunk counts: completed=448 failed=0 pending=0

